2022-09-27 22:45:07,281 [INFO] Activator:177 - 


2022-09-27 22:45:07,281 [INFO] Activator:178 - !SESSION log4j initialized
2022-09-28 07:00:17,419 [INFO] Activator:177 - 


2022-09-28 07:00:17,424 [INFO] Activator:178 - !SESSION log4j initialized
2022-09-28 07:36:34,408 [INFO] Activator:177 - 


2022-09-28 07:36:34,410 [INFO] Activator:178 - !SESSION log4j initialized
2022-09-28 07:52:19,854 [INFO] Activator:177 - 


2022-09-28 07:52:19,855 [INFO] Activator:178 - !SESSION log4j initialized
2022-09-28 07:58:03,200 [INFO] McuFinderGlobals:39 - Set McuFinder mode to 2 (CubeIDE integrated)
2022-09-28 07:58:03,458 [INFO] ApplicationProperties:181 - Using Application install path: C:\ST\STM32CubeIDE_1.7.0\STM32CubeIDE\plugins\com.st.stm32cube.common.mx_6.3.0.202107141111
2022-09-28 07:58:03,476 [INFO] DbMcusXml:74 - Set database path to: C:\ST\STM32CubeIDE_1.7.0\STM32CubeIDE\plugins\com.st.stm32cube.common.mx_6.3.0.202107141111\\db\/mcu/
2022-09-28 07:58:03,481 [INFO] DbBoardsPdsc:56 - Set plugin database path to: C:\ST\STM32CubeIDE_1.7.0\STM32CubeIDE\plugins\com.st.stm32cube.common.mx_6.3.0.202107141111\\db\/plugins/boardmanager/
2022-09-28 07:58:03,481 [INFO] DbMcus:258 - Set plugin images path to: C:\ST\STM32CubeIDE_1.7.0\STM32CubeIDE\plugins\com.st.stm32cube.common.mx_6.3.0.202107141111\\db\/plugins/mcufinder/images/
2022-09-28 07:58:03,481 [INFO] DbBoards:264 - Set plugin images path to: C:\ST\STM32CubeIDE_1.7.0\STM32CubeIDE\plugins\com.st.stm32cube.common.mx_6.3.0.202107141111\\db\/plugins/mcufinder/images/
2022-09-28 07:58:03,484 [INFO] DbExamples:333 - Set plugin images path to: C:\ST\STM32CubeIDE_1.7.0\STM32CubeIDE\plugins\com.st.stm32cube.common.mx_6.3.0.202107141111\\db\/plugins/mcufinder/images/
2022-09-28 07:58:03,495 [INFO] DbMcusAds:119 - Set database path to: C:\Users\Admin\.stmcufinder\plugins\mcufinder//mcu/
2022-09-28 07:58:03,497 [INFO] DbMcusDocs:110 - Set database path to: C:\Users\Admin\.stmcufinder\plugins\mcufinder//mcu/
2022-09-28 07:58:03,499 [INFO] DbMcusJson:64 - Set database path to: C:\Users\Admin\.stmcufinder\plugins\mcufinder//mcu/
2022-09-28 07:58:03,500 [INFO] DbBoardsDocs:110 - Set database path to: C:\Users\Admin\.stmcufinder\plugins\mcufinder//mcu/
2022-09-28 07:58:03,501 [INFO] DbBoardsJson:57 - Set database path to: C:\Users\Admin\.stmcufinder\plugins\mcufinder//mcu/
2022-09-28 07:58:03,871 [INFO] CrossReferenceDbSqlite:196 - Set database path to: C:\Users\Admin\.stmcufinder\plugins\mcufinder//mcu/cs/
2022-09-28 07:58:03,907 [INFO] DbExamplesSqlite:767 - Set database path to: C:\Users\Admin\.stmcufinder\plugins\mcufinder//mcu/
2022-09-28 07:58:04,012 [INFO] RulesReader:57 - Compatibility file has been processed (242 Rules)
2022-09-28 07:58:04,116 [INFO] DbMcusXml:74 - Set database path to: C:\ST\STM32CubeIDE_1.7.0\STM32CubeIDE\plugins\com.st.stm32cube.common.mx_6.3.0.202107141111\\db\/mcu/
2022-09-28 07:58:04,117 [INFO] DbBoardsPdsc:56 - Set plugin database path to: C:\ST\STM32CubeIDE_1.7.0\STM32CubeIDE\plugins\com.st.stm32cube.common.mx_6.3.0.202107141111\\db\/plugins/boardmanager/
2022-09-28 07:58:04,117 [INFO] DbMcus:258 - Set plugin images path to: C:\ST\STM32CubeIDE_1.7.0\STM32CubeIDE\plugins\com.st.stm32cube.common.mx_6.3.0.202107141111\\db\/plugins/mcufinder/images/
2022-09-28 07:58:04,117 [INFO] DbBoards:264 - Set plugin images path to: C:\ST\STM32CubeIDE_1.7.0\STM32CubeIDE\plugins\com.st.stm32cube.common.mx_6.3.0.202107141111\\db\/plugins/mcufinder/images/
2022-09-28 07:58:04,117 [INFO] DbExamples:333 - Set plugin images path to: C:\ST\STM32CubeIDE_1.7.0\STM32CubeIDE\plugins\com.st.stm32cube.common.mx_6.3.0.202107141111\\db\/plugins/mcufinder/images/
2022-09-28 07:58:04,117 [WARN] DbFile:35 - Overriding database path with different value: C:\Users\Admin\.stmcufinder\plugins\mcufinder/ => C:\Users\Admin\.stmcufinder\plugins\mcufinder
2022-09-28 07:58:04,117 [INFO] DbMcusAds:119 - Set database path to: C:\Users\Admin\.stmcufinder\plugins\mcufinder//mcu/
2022-09-28 07:58:04,117 [WARN] DbFile:35 - Overriding database path with different value: C:\Users\Admin\.stmcufinder\plugins\mcufinder/ => C:\Users\Admin\.stmcufinder\plugins\mcufinder
2022-09-28 07:58:04,118 [INFO] DbMcusDocs:110 - Set database path to: C:\Users\Admin\.stmcufinder\plugins\mcufinder//mcu/
2022-09-28 07:58:04,118 [WARN] DbFile:35 - Overriding database path with different value: C:\Users\Admin\.stmcufinder\plugins\mcufinder/ => C:\Users\Admin\.stmcufinder\plugins\mcufinder
2022-09-28 07:58:04,118 [INFO] DbMcusJson:64 - Set database path to: C:\Users\Admin\.stmcufinder\plugins\mcufinder//mcu/
2022-09-28 07:58:04,118 [WARN] DbFile:35 - Overriding database path with different value: C:\Users\Admin\.stmcufinder\plugins\mcufinder/ => C:\Users\Admin\.stmcufinder\plugins\mcufinder
2022-09-28 07:58:04,118 [INFO] DbBoardsDocs:110 - Set database path to: C:\Users\Admin\.stmcufinder\plugins\mcufinder//mcu/
2022-09-28 07:58:04,118 [WARN] DbFile:35 - Overriding database path with different value: C:\Users\Admin\.stmcufinder\plugins\mcufinder/ => C:\Users\Admin\.stmcufinder\plugins\mcufinder
2022-09-28 07:58:04,118 [INFO] DbBoardsJson:57 - Set database path to: C:\Users\Admin\.stmcufinder\plugins\mcufinder//mcu/
2022-09-28 07:58:04,118 [WARN] DbFile:35 - Overriding database path with different value: C:\Users\Admin\.stmcufinder\plugins\mcufinder/ => C:\Users\Admin\.stmcufinder\plugins\mcufinder
2022-09-28 07:58:04,118 [WARN] DbFile:35 - Overriding database path with different value: C:\Users\Admin\.stmcufinder\plugins\mcufinder/ => C:\Users\Admin\.stmcufinder\plugins\mcufinder
2022-09-28 07:58:04,118 [INFO] CrossReferenceDbSqlite:196 - Set database path to: C:\Users\Admin\.stmcufinder\plugins\mcufinder//mcu/cs/
2022-09-28 07:58:04,119 [WARN] DbFile:35 - Overriding database path with different value: C:\Users\Admin\.stmcufinder\plugins\mcufinder/ => C:\Users\Admin\.stmcufinder\plugins\mcufinder
2022-09-28 07:58:04,119 [INFO] DbExamplesSqlite:767 - Set database path to: C:\Users\Admin\.stmcufinder\plugins\mcufinder//mcu/
2022-09-28 07:58:04,208 [INFO] MainPanel:214 - HeapMemory: 633339904
2022-09-28 07:58:04,359 [INFO] DbMcusXml:74 - Set database path to: C:\ST\STM32CubeIDE_1.7.0\STM32CubeIDE\plugins\com.st.stm32cube.common.mx_6.3.0.202107141111\\db\/mcu/
2022-09-28 07:58:04,359 [INFO] DbBoardsPdsc:56 - Set plugin database path to: C:\ST\STM32CubeIDE_1.7.0\STM32CubeIDE\plugins\com.st.stm32cube.common.mx_6.3.0.202107141111\\db\/plugins/boardmanager/
2022-09-28 07:58:04,359 [INFO] DbMcus:258 - Set plugin images path to: C:\ST\STM32CubeIDE_1.7.0\STM32CubeIDE\plugins\com.st.stm32cube.common.mx_6.3.0.202107141111\\db\/plugins/mcufinder/images/
2022-09-28 07:58:04,359 [INFO] DbBoards:264 - Set plugin images path to: C:\ST\STM32CubeIDE_1.7.0\STM32CubeIDE\plugins\com.st.stm32cube.common.mx_6.3.0.202107141111\\db\/plugins/mcufinder/images/
2022-09-28 07:58:04,359 [INFO] DbExamples:333 - Set plugin images path to: C:\ST\STM32CubeIDE_1.7.0\STM32CubeIDE\plugins\com.st.stm32cube.common.mx_6.3.0.202107141111\\db\/plugins/mcufinder/images/
2022-09-28 07:58:04,361 [WARN] DbFile:35 - Overriding database path with different value: C:\Users\Admin\.stmcufinder\plugins\mcufinder/ => C:\Users\Admin\.stmcufinder\plugins\mcufinder
2022-09-28 07:58:04,361 [INFO] DbMcusAds:119 - Set database path to: C:\Users\Admin\.stmcufinder\plugins\mcufinder//mcu/
2022-09-28 07:58:04,361 [WARN] DbFile:35 - Overriding database path with different value: C:\Users\Admin\.stmcufinder\plugins\mcufinder/ => C:\Users\Admin\.stmcufinder\plugins\mcufinder
2022-09-28 07:58:04,361 [INFO] DbMcusDocs:110 - Set database path to: C:\Users\Admin\.stmcufinder\plugins\mcufinder//mcu/
2022-09-28 07:58:04,361 [WARN] DbFile:35 - Overriding database path with different value: C:\Users\Admin\.stmcufinder\plugins\mcufinder/ => C:\Users\Admin\.stmcufinder\plugins\mcufinder
2022-09-28 07:58:04,361 [INFO] DbMcusJson:64 - Set database path to: C:\Users\Admin\.stmcufinder\plugins\mcufinder//mcu/
2022-09-28 07:58:04,361 [WARN] DbFile:35 - Overriding database path with different value: C:\Users\Admin\.stmcufinder\plugins\mcufinder/ => C:\Users\Admin\.stmcufinder\plugins\mcufinder
2022-09-28 07:58:04,361 [INFO] DbBoardsDocs:110 - Set database path to: C:\Users\Admin\.stmcufinder\plugins\mcufinder//mcu/
2022-09-28 07:58:04,362 [WARN] DbFile:35 - Overriding database path with different value: C:\Users\Admin\.stmcufinder\plugins\mcufinder/ => C:\Users\Admin\.stmcufinder\plugins\mcufinder
2022-09-28 07:58:04,362 [INFO] DbBoardsJson:57 - Set database path to: C:\Users\Admin\.stmcufinder\plugins\mcufinder//mcu/
2022-09-28 07:58:04,362 [WARN] DbFile:35 - Overriding database path with different value: C:\Users\Admin\.stmcufinder\plugins\mcufinder/ => C:\Users\Admin\.stmcufinder\plugins\mcufinder
2022-09-28 07:58:04,362 [WARN] DbFile:35 - Overriding database path with different value: C:\Users\Admin\.stmcufinder\plugins\mcufinder/ => C:\Users\Admin\.stmcufinder\plugins\mcufinder
2022-09-28 07:58:04,362 [INFO] CrossReferenceDbSqlite:196 - Set database path to: C:\Users\Admin\.stmcufinder\plugins\mcufinder//mcu/cs/
2022-09-28 07:58:04,362 [WARN] DbFile:35 - Overriding database path with different value: C:\Users\Admin\.stmcufinder\plugins\mcufinder/ => C:\Users\Admin\.stmcufinder\plugins\mcufinder
2022-09-28 07:58:04,362 [INFO] DbExamplesSqlite:767 - Set database path to: C:\Users\Admin\.stmcufinder\plugins\mcufinder//mcu/
2022-09-28 07:58:04,383 [INFO] ApplicationProperties:181 - Using Application install path: C:\ST\STM32CubeIDE_1.7.0\STM32CubeIDE\plugins\com.st.stm32cube.common.mx_6.3.0.202107141111
2022-09-28 07:58:04,384 [INFO] PluginManage:188 - Search for loadable plugins [exclusion list=, ]
2022-09-28 07:58:04,386 [INFO] PluginManage:302 - Check plugin analytics
2022-09-28 07:58:04,738 [INFO] AnalyticsPlugin:257 - Accepted Software Licenses: 
2022-09-28 07:58:04,739 [INFO] AnalyticsPlugin:259 - Accepted CMSIS Pack Licenses: 
2022-09-28 07:58:04,739 [INFO] AnalyticsPlugin:261 - Accepted Firmware Licenses: 
2022-09-28 07:58:04,739 [INFO] PluginManage:352 - Loaded plugin analytics (category:tool,tabindex:-1)
2022-09-28 07:58:04,739 [INFO] PluginManage:302 - Check plugin clock
2022-09-28 07:58:04,758 [INFO] PluginManage:352 - Loaded plugin clock (category:base,tabindex:2)
2022-09-28 07:58:04,758 [INFO] PluginManage:302 - Check plugin ddr
2022-09-28 07:58:04,763 [INFO] PluginManage:352 - Loaded plugin ddr (category:tool,tabindex:6)
2022-09-28 07:58:04,763 [INFO] PluginManage:302 - Check plugin filemanager
2022-09-28 07:58:04,892 [INFO] PluginManage:352 - Loaded plugin filemanager (category:base,tabindex:10)
2022-09-28 07:58:04,892 [INFO] PluginManage:302 - Check plugin ipmanager
2022-09-28 07:58:04,898 [INFO] PluginManage:352 - Loaded plugin ipmanager (category:base,tabindex:5)
2022-09-28 07:58:04,899 [INFO] PluginManage:302 - Check plugin pinoutandconfiguration
2022-09-28 07:58:04,912 [INFO] PluginManage:352 - Loaded plugin pinoutandconfiguration (category:base,tabindex:1)
2022-09-28 07:58:04,912 [INFO] PluginManage:302 - Check plugin pinoutconfig
2022-09-28 07:58:04,941 [INFO] PluginManage:352 - Loaded plugin pinoutconfig (category:base,tabindex:0)
2022-09-28 07:58:04,941 [INFO] PluginManage:302 - Check plugin power
2022-09-28 07:58:04,958 [INFO] PluginManage:352 - Loaded plugin power (category:power,tabindex:4)
2022-09-28 07:58:04,958 [INFO] PluginManage:302 - Check plugin projectmanager
2022-09-28 07:58:04,971 [INFO] PluginManage:352 - Loaded plugin projectmanager (category:projectmanager,tabindex:3)
2022-09-28 07:58:04,971 [INFO] PluginManage:302 - Check plugin thirdparty
2022-09-28 07:58:05,187 [WARN] IntegrityCheckThread:78 - waiting for thirdparty lock release [integrity check]
2022-09-28 07:58:05,189 [INFO] IntegrityCheckThread:80 - entering critical section [integrity check]
2022-09-28 07:58:05,188 [INFO] PluginManage:352 - Loaded plugin thirdparty (category:base,tabindex:-1)
2022-09-28 07:58:05,189 [INFO] PluginManage:302 - Check plugin tools
2022-09-28 07:58:05,189 [INFO] ThirdPartyUpdaterWithRetryManager:66 - Updater plugin not ready yet. [1/15]
2022-09-28 07:58:05,230 [INFO] PluginManage:352 - Loaded plugin tools (category:base,tabindex:7)
2022-09-28 07:58:05,231 [INFO] PluginManage:302 - Check plugin tutovideos
2022-09-28 07:58:05,451 [INFO] PluginManage:352 - Loaded plugin tutovideos (category:base,tabindex:-1)
2022-09-28 07:58:05,451 [INFO] PluginManage:302 - Check plugin updater
2022-09-28 07:58:05,466 [INFO] PluginManage:352 - Loaded plugin updater (category:base,tabindex:12)
2022-09-28 07:58:05,466 [INFO] PluginManage:275 - PluginManage : Loaded plugins [13]
2022-09-28 07:58:05,619 [INFO] PinOutPanel:1463 - setPackage(No Configuration,No Configuration)
2022-09-28 07:58:05,708 [INFO] IPUIPlugin:74 - create IPUIPlugin
2022-09-28 07:58:05,708 [INFO] PluginManager:213 - loadIPPluginJar : add adc
2022-09-28 07:58:05,737 [INFO] IPUIPlugin:74 - create IPUIPlugin
2022-09-28 07:58:05,737 [INFO] PluginManager:213 - loadIPPluginJar : add aes
2022-09-28 07:58:05,770 [INFO] IPUIPlugin:74 - create IPUIPlugin
2022-09-28 07:58:05,770 [INFO] PluginManager:213 - loadIPPluginJar : add can
2022-09-28 07:58:05,790 [INFO] IPUIPlugin:74 - create IPUIPlugin
2022-09-28 07:58:05,790 [INFO] PluginManager:213 - loadIPPluginJar : add comp
2022-09-28 07:58:05,815 [INFO] IPUIPlugin:74 - create IPUIPlugin
2022-09-28 07:58:05,815 [INFO] PluginManager:213 - loadIPPluginJar : add cryp
2022-09-28 07:58:05,839 [INFO] IPUIPlugin:74 - create IPUIPlugin
2022-09-28 07:58:05,839 [INFO] PluginManager:213 - loadIPPluginJar : add dfsdm
2022-09-28 07:58:05,850 [INFO] IPUIPlugin:74 - create IPUIPlugin
2022-09-28 07:58:05,850 [INFO] PluginManager:213 - loadIPPluginJar : add dma
2022-09-28 07:58:05,882 [INFO] IPUIPlugin:74 - create IPUIPlugin
2022-09-28 07:58:05,883 [INFO] PluginManager:213 - loadIPPluginJar : add dma3
2022-09-28 07:58:05,901 [INFO] IPUIPlugin:74 - create IPUIPlugin
2022-09-28 07:58:05,901 [INFO] PluginManager:213 - loadIPPluginJar : add fatfs
2022-09-28 07:58:05,943 [INFO] IPUIPlugin:74 - create IPUIPlugin
2022-09-28 07:58:05,943 [INFO] PluginManager:213 - loadIPPluginJar : add fmc
2022-09-28 07:58:05,955 [INFO] IPUIPlugin:74 - create IPUIPlugin
2022-09-28 07:58:05,956 [INFO] PluginManager:213 - loadIPPluginJar : add freertos
2022-09-28 07:58:05,974 [INFO] IPUIPlugin:74 - create IPUIPlugin
2022-09-28 07:58:05,974 [INFO] PluginManager:213 - loadIPPluginJar : add genericplugin
2022-09-28 07:58:06,037 [INFO] IPUIPlugin:74 - create IPUIPlugin
2022-09-28 07:58:06,037 [INFO] PluginManager:213 - loadIPPluginJar : add gfxmmu
2022-09-28 07:58:06,128 [INFO] IPUIPlugin:74 - create IPUIPlugin
2022-09-28 07:58:06,128 [INFO] PluginManager:213 - loadIPPluginJar : add gic
2022-09-28 07:58:06,138 [INFO] IPUIPlugin:74 - create IPUIPlugin
2022-09-28 07:58:06,138 [INFO] PluginManager:213 - loadIPPluginJar : add gpio
2022-09-28 07:58:06,196 [INFO] IPUIPlugin:74 - create IPUIPlugin
2022-09-28 07:58:06,196 [INFO] PluginManager:213 - loadIPPluginJar : add gtzc
2022-09-28 07:58:06,219 [INFO] IPUIPlugin:74 - create IPUIPlugin
2022-09-28 07:58:06,219 [INFO] PluginManager:213 - loadIPPluginJar : add hash
2022-09-28 07:58:06,258 [INFO] IPUIPlugin:74 - create IPUIPlugin
2022-09-28 07:58:06,258 [INFO] PluginManager:213 - loadIPPluginJar : add i2c
2022-09-28 07:58:06,289 [INFO] IPUIPlugin:74 - create IPUIPlugin
2022-09-28 07:58:06,290 [INFO] PluginManager:213 - loadIPPluginJar : add i2s
2022-09-28 07:58:06,298 [INFO] IPUIPlugin:74 - create IPUIPlugin
2022-09-28 07:58:06,298 [INFO] PluginManager:213 - loadIPPluginJar : add ipddr
2022-09-28 07:58:06,361 [INFO] IPUIPlugin:74 - create IPUIPlugin
2022-09-28 07:58:06,361 [INFO] PluginManager:213 - loadIPPluginJar : add linkedlist
2022-09-28 07:58:06,388 [INFO] IPUIPlugin:74 - create IPUIPlugin
2022-09-28 07:58:06,388 [INFO] PluginManager:213 - loadIPPluginJar : add lorawan
2022-09-28 07:58:06,415 [INFO] IPUIPlugin:74 - create IPUIPlugin
2022-09-28 07:58:06,415 [INFO] PluginManager:213 - loadIPPluginJar : add ltdc
2022-09-28 07:58:06,424 [INFO] IPUIPlugin:74 - create IPUIPlugin
2022-09-28 07:58:06,424 [INFO] PluginManager:213 - loadIPPluginJar : add mdma
2022-09-28 07:58:06,434 [INFO] IPUIPlugin:74 - create IPUIPlugin
2022-09-28 07:58:06,434 [INFO] PluginManager:213 - loadIPPluginJar : add nvic
2022-09-28 07:58:06,462 [INFO] IPUIPlugin:74 - create IPUIPlugin
2022-09-28 07:58:06,463 [INFO] PluginManager:213 - loadIPPluginJar : add opamp
2022-09-28 07:58:06,507 [INFO] IPUIPlugin:74 - create IPUIPlugin
2022-09-28 07:58:06,507 [INFO] PluginManager:213 - loadIPPluginJar : add openamp
2022-09-28 07:58:06,538 [INFO] IPUIPlugin:74 - create IPUIPlugin
2022-09-28 07:58:06,538 [INFO] PluginManager:213 - loadIPPluginJar : add pdm2pcm
2022-09-28 07:58:06,551 [INFO] IPUIPlugin:74 - create IPUIPlugin
2022-09-28 07:58:06,554 [INFO] PluginManager:213 - loadIPPluginJar : add plateformsettings
2022-09-28 07:58:06,571 [INFO] IPUIPlugin:74 - create IPUIPlugin
2022-09-28 07:58:06,571 [INFO] PluginManager:213 - loadIPPluginJar : add quadspi
2022-09-28 07:58:06,580 [INFO] IPUIPlugin:74 - create IPUIPlugin
2022-09-28 07:58:06,581 [INFO] PluginManager:213 - loadIPPluginJar : add resmgrutility
2022-09-28 07:58:06,621 [INFO] IPUIPlugin:74 - create IPUIPlugin
2022-09-28 07:58:06,622 [INFO] PluginManager:213 - loadIPPluginJar : add sai
2022-09-28 07:58:06,652 [INFO] IPUIPlugin:74 - create IPUIPlugin
2022-09-28 07:58:06,652 [INFO] PluginManager:213 - loadIPPluginJar : add spi
2022-09-28 07:58:06,694 [INFO] IPUIPlugin:74 - create IPUIPlugin
2022-09-28 07:58:06,694 [INFO] PluginManager:213 - loadIPPluginJar : add stm32_wpan
2022-09-28 07:58:06,714 [INFO] IPUIPlugin:74 - create IPUIPlugin
2022-09-28 07:58:06,714 [INFO] PluginManager:213 - loadIPPluginJar : add tim
2022-09-28 07:58:06,761 [INFO] IPUIPlugin:74 - create IPUIPlugin
2022-09-28 07:58:06,761 [INFO] PluginManager:213 - loadIPPluginJar : add touchsensing
2022-09-28 07:58:06,781 [INFO] IPUIPlugin:74 - create IPUIPlugin
2022-09-28 07:58:06,781 [INFO] PluginManager:213 - loadIPPluginJar : add tracer_emb
2022-09-28 07:58:06,802 [INFO] IPUIPlugin:74 - create IPUIPlugin
2022-09-28 07:58:06,802 [INFO] PluginManager:213 - loadIPPluginJar : add ts
2022-09-28 07:58:06,822 [INFO] IPUIPlugin:74 - create IPUIPlugin
2022-09-28 07:58:06,822 [INFO] PluginManager:213 - loadIPPluginJar : add tsc
2022-09-28 07:58:06,841 [INFO] IPUIPlugin:74 - create IPUIPlugin
2022-09-28 07:58:06,841 [INFO] PluginManager:213 - loadIPPluginJar : add ucpd
2022-09-28 07:58:06,876 [INFO] IPUIPlugin:74 - create IPUIPlugin
2022-09-28 07:58:06,876 [INFO] PluginManager:213 - loadIPPluginJar : add usart
2022-09-28 07:58:06,904 [INFO] IPUIPlugin:74 - create IPUIPlugin
2022-09-28 07:58:06,904 [INFO] PluginManager:213 - loadIPPluginJar : add usbx
2022-09-28 07:58:07,210 [FATAL] Updater:294 - Updater called before beeing initialized
2022-09-28 07:58:07,312 [FATAL] Updater:294 - Updater called before beeing initialized
2022-09-28 07:58:07,321 [INFO] DbMcusAds:47 - JSON generation date=Thu Sep 30 13:55:09 ICT 2021 (1632984909247)
2022-09-28 07:58:07,321 [FATAL] Updater:294 - Updater called before beeing initialized
2022-09-28 07:58:07,385 [WARN] DetailPanel:314 - Failed to get advertising image, set to default
2022-09-28 07:58:07,483 [FATAL] Updater:294 - Updater called before beeing initialized
2022-09-28 07:58:07,486 [FATAL] Updater:294 - Updater called before beeing initialized
2022-09-28 07:58:07,486 [FATAL] Updater:294 - Updater called before beeing initialized
2022-09-28 07:58:07,486 [WARN] DetailPanel:314 - Failed to get advertising image, set to default
2022-09-28 07:58:07,487 [FATAL] Updater:294 - Updater called before beeing initialized
2022-09-28 07:58:07,539 [ERROR] Updater:1075 - MainUpdater not yet initialized. External WinMGr cannot be set.
2022-09-28 07:58:07,547 [INFO] Updater:1012 - Updater Version found : 6.3.0
2022-09-28 07:58:07,565 [INFO] ApplicationProperties:181 - Using Application install path: C:\ST\STM32CubeIDE_1.7.0\STM32CubeIDE\plugins\com.st.stm32cube.common.mx_6.3.0.202107141111
2022-09-28 07:58:08,204 [INFO] ThirdPartyUpdaterWithRetryManager:66 - Updater plugin not ready yet. [2/15]
2022-09-28 07:58:09,601 [INFO] MainUpdater:2671 - connection check result : 10
2022-09-28 07:58:09,602 [INFO] MainUpdater:265 - Updater Check For Update Now.
2022-09-28 07:58:09,602 [INFO] MicroXplorer:478 - Change Database Version : DB.6.0.30
2022-09-28 07:58:09,811 [INFO] CheckServerUpdateThread:112 - End of CheckServer Thread
2022-09-28 07:58:09,896 [INFO] MainUpdater:2671 - connection check result : 10
2022-09-28 07:58:09,965 [INFO] McuFinderGlobals:52 - Set McuFinderConnectedMode to true
2022-09-28 07:58:11,216 [WARN] MainUpdater:1122 - Updater busy. Cannot search thirdparties
2022-09-28 07:58:11,216 [INFO] ThirdPartyUpdaterWithRetryManager:92 - Updater plugin is busy. [1/15]
2022-09-28 07:58:14,218 [WARN] MainUpdater:1122 - Updater busy. Cannot search thirdparties
2022-09-28 07:58:14,219 [INFO] ThirdPartyUpdaterWithRetryManager:92 - Updater plugin is busy. [2/15]
2022-09-28 07:58:17,012 [INFO] ServerAccessManage:362 - Download File mcusAds.json._tmp_
2022-09-28 07:58:17,151 [INFO] LoadUrlFilesThread:145 - End of LoadUrlFiles Thread
2022-09-28 07:58:17,233 [WARN] MainUpdater:1122 - Updater busy. Cannot search thirdparties
2022-09-28 07:58:17,233 [INFO] ThirdPartyUpdaterWithRetryManager:92 - Updater plugin is busy. [3/15]
2022-09-28 07:58:20,248 [WARN] MainUpdater:1122 - Updater busy. Cannot search thirdparties
2022-09-28 07:58:20,248 [INFO] ThirdPartyUpdaterWithRetryManager:92 - Updater plugin is busy. [4/15]
2022-09-28 07:58:23,261 [WARN] MainUpdater:1122 - Updater busy. Cannot search thirdparties
2022-09-28 07:58:23,261 [INFO] ThirdPartyUpdaterWithRetryManager:92 - Updater plugin is busy. [5/15]
2022-09-28 07:58:26,275 [WARN] MainUpdater:1122 - Updater busy. Cannot search thirdparties
2022-09-28 07:58:26,276 [INFO] ThirdPartyUpdaterWithRetryManager:92 - Updater plugin is busy. [6/15]
2022-09-28 07:58:29,283 [WARN] MainUpdater:1122 - Updater busy. Cannot search thirdparties
2022-09-28 07:58:29,283 [INFO] ThirdPartyUpdaterWithRetryManager:92 - Updater plugin is busy. [7/15]
2022-09-28 07:58:31,494 [ERROR] ServerAccessManage:1057 - Problem during Server Connexion :  IO error Connection reset
2022-09-28 07:58:31,496 [ERROR] LogOutputStream:74 - [STDERR_REDIRECT] javax.net.ssl.SSLException: Connection reset
2022-09-28 07:58:31,500 [ERROR] LogOutputStream:74 - [STDERR_REDIRECT] 	at java.base/sun.security.ssl.Alert.createSSLException(Alert.java:127)
2022-09-28 07:58:31,505 [ERROR] LogOutputStream:74 - [STDERR_REDIRECT] 	at java.base/sun.security.ssl.TransportContext.fatal(TransportContext.java:349)
2022-09-28 07:58:31,506 [ERROR] LogOutputStream:74 - [STDERR_REDIRECT] 	at java.base/sun.security.ssl.TransportContext.fatal(TransportContext.java:292)
2022-09-28 07:58:31,507 [ERROR] LogOutputStream:74 - [STDERR_REDIRECT] 	at java.base/sun.security.ssl.TransportContext.fatal(TransportContext.java:287)
2022-09-28 07:58:31,507 [ERROR] LogOutputStream:74 - [STDERR_REDIRECT] 	at java.base/sun.security.ssl.SSLTransport.decode(SSLTransport.java:144)
2022-09-28 07:58:31,508 [ERROR] LogOutputStream:74 - [STDERR_REDIRECT] 	at java.base/sun.security.ssl.SSLSocketImpl.decode(SSLSocketImpl.java:1408)
2022-09-28 07:58:31,509 [ERROR] LogOutputStream:74 - [STDERR_REDIRECT] 	at java.base/sun.security.ssl.SSLSocketImpl.readHandshakeRecord(SSLSocketImpl.java:1314)
2022-09-28 07:58:31,510 [ERROR] LogOutputStream:74 - [STDERR_REDIRECT] 	at java.base/sun.security.ssl.SSLSocketImpl.startHandshake(SSLSocketImpl.java:440)
2022-09-28 07:58:31,512 [ERROR] LogOutputStream:74 - [STDERR_REDIRECT] 	at java.base/sun.security.ssl.SSLSocketImpl.startHandshake(SSLSocketImpl.java:411)
2022-09-28 07:58:31,513 [ERROR] LogOutputStream:74 - [STDERR_REDIRECT] 	at java.base/sun.net.www.protocol.https.HttpsClient.afterConnect(HttpsClient.java:567)
2022-09-28 07:58:31,514 [ERROR] LogOutputStream:74 - [STDERR_REDIRECT] 	at java.base/sun.net.www.protocol.https.AbstractDelegateHttpsURLConnection.connect(AbstractDelegateHttpsURLConnection.java:197)
2022-09-28 07:58:31,516 [ERROR] LogOutputStream:74 - [STDERR_REDIRECT] 	at java.base/sun.net.www.protocol.http.HttpURLConnection.getInputStream0(HttpURLConnection.java:1592)
2022-09-28 07:58:31,517 [ERROR] LogOutputStream:74 - [STDERR_REDIRECT] 	at java.base/sun.net.www.protocol.http.HttpURLConnection.getInputStream(HttpURLConnection.java:1520)
2022-09-28 07:58:31,518 [ERROR] LogOutputStream:74 - [STDERR_REDIRECT] 	at java.base/java.net.HttpURLConnection.getResponseCode(HttpURLConnection.java:527)
2022-09-28 07:58:31,520 [ERROR] LogOutputStream:74 - [STDERR_REDIRECT] 	at java.base/sun.net.www.protocol.https.HttpsURLConnectionImpl.getResponseCode(HttpsURLConnectionImpl.java:334)
2022-09-28 07:58:31,521 [ERROR] LogOutputStream:74 - [STDERR_REDIRECT] 	at com.st.microxplorer.plugins.updater.engine.ServerAccessManage.openHttpConnexion(ServerAccessManage.java:918)
2022-09-28 07:58:31,523 [ERROR] LogOutputStream:74 - [STDERR_REDIRECT] 	at com.st.microxplorer.plugins.updater.engine.ServerAccessManage.readHttpFile(ServerAccessManage.java:304)
2022-09-28 07:58:31,524 [ERROR] LogOutputStream:74 - [STDERR_REDIRECT] 	at com.st.microxplorer.plugins.updater.engine.LoadUrlFilesThread.loadAllFiles(LoadUrlFilesThread.java:500)
2022-09-28 07:58:31,526 [ERROR] LogOutputStream:74 - [STDERR_REDIRECT] 	at com.st.microxplorer.plugins.updater.engine.LoadUrlFilesThread.downloadUrlFiles(LoadUrlFilesThread.java:205)
2022-09-28 07:58:31,527 [ERROR] LogOutputStream:74 - [STDERR_REDIRECT] 	at com.st.microxplorer.plugins.updater.engine.LoadUrlFilesThread.run(LoadUrlFilesThread.java:137)
2022-09-28 07:58:31,528 [ERROR] LogOutputStream:74 - [STDERR_REDIRECT] 	Suppressed: java.net.SocketException: Connection reset by peer: socket write error
2022-09-28 07:58:31,529 [ERROR] LogOutputStream:74 - [STDERR_REDIRECT] 		at java.base/java.net.SocketOutputStream.socketWrite0(Native Method)
2022-09-28 07:58:31,530 [ERROR] LogOutputStream:74 - [STDERR_REDIRECT] 		at java.base/java.net.SocketOutputStream.socketWrite(SocketOutputStream.java:110)
2022-09-28 07:58:31,531 [ERROR] LogOutputStream:74 - [STDERR_REDIRECT] 		at java.base/java.net.SocketOutputStream.write(SocketOutputStream.java:150)
2022-09-28 07:58:31,532 [ERROR] LogOutputStream:74 - [STDERR_REDIRECT] 		at java.base/sun.security.ssl.SSLSocketOutputRecord.encodeAlert(SSLSocketOutputRecord.java:81)
2022-09-28 07:58:31,533 [ERROR] LogOutputStream:74 - [STDERR_REDIRECT] 		at java.base/sun.security.ssl.TransportContext.fatal(TransportContext.java:380)
2022-09-28 07:58:31,533 [ERROR] LogOutputStream:74 - [STDERR_REDIRECT] 		... 18 more
2022-09-28 07:58:31,534 [ERROR] LogOutputStream:74 - [STDERR_REDIRECT] Caused by: java.net.SocketException: Connection reset
2022-09-28 07:58:31,535 [ERROR] LogOutputStream:74 - [STDERR_REDIRECT] 	at java.base/java.net.SocketInputStream.read(SocketInputStream.java:186)
2022-09-28 07:58:31,536 [ERROR] LogOutputStream:74 - [STDERR_REDIRECT] 	at java.base/java.net.SocketInputStream.read(SocketInputStream.java:140)
2022-09-28 07:58:31,537 [ERROR] LogOutputStream:74 - [STDERR_REDIRECT] 	at java.base/sun.security.ssl.SSLSocketInputRecord.read(SSLSocketInputRecord.java:478)
2022-09-28 07:58:31,538 [ERROR] LogOutputStream:74 - [STDERR_REDIRECT] 	at java.base/sun.security.ssl.SSLSocketInputRecord.readHeader(SSLSocketInputRecord.java:472)
2022-09-28 07:58:31,539 [ERROR] LogOutputStream:74 - [STDERR_REDIRECT] 	at java.base/sun.security.ssl.SSLSocketInputRecord.decode(SSLSocketInputRecord.java:160)
2022-09-28 07:58:31,540 [ERROR] LogOutputStream:74 - [STDERR_REDIRECT] 	at java.base/sun.security.ssl.SSLTransport.decode(SSLTransport.java:110)
2022-09-28 07:58:31,540 [ERROR] LogOutputStream:74 - [STDERR_REDIRECT] 	... 15 more
2022-09-28 07:58:31,541 [ERROR] ServerAccessManage:531 - Problem during Server Connexion :  : mcusDocs.json._tmp_.
2022-09-28 07:58:32,295 [WARN] MainUpdater:1122 - Updater busy. Cannot search thirdparties
2022-09-28 07:58:32,295 [INFO] ThirdPartyUpdaterWithRetryManager:92 - Updater plugin is busy. [8/15]
2022-09-28 07:58:35,302 [WARN] MainUpdater:1122 - Updater busy. Cannot search thirdparties
2022-09-28 07:58:35,302 [INFO] ThirdPartyUpdaterWithRetryManager:92 - Updater plugin is busy. [9/15]
2022-09-28 07:58:37,579 [INFO] LoadUrlFilesThread:145 - End of LoadUrlFiles Thread
2022-09-28 07:58:38,533 [WARN] PackLoader:238 - Cannot read IP mode file for STMicroelectronics.X-CUBE-GNSS1.6.0.0
2022-09-28 07:58:38,571 [WARN] PackLoader:238 - Cannot read IP mode file for STMicroelectronics.X-CUBE-AZRTOS-F4.1.1.0
2022-09-28 07:58:38,609 [WARN] PackLoader:238 - Cannot read IP mode file for STMicroelectronics.X-CUBE-AZRTOS-F7.1.1.0
2022-09-28 07:58:38,622 [WARN] PackLoader:238 - Cannot read IP mode file for STMicroelectronics.X-CUBE-BLE1.6.2.3
2022-09-28 07:58:38,634 [WARN] PackLoader:238 - Cannot read IP mode file for STMicroelectronics.X-CUBE-NFC4.2.0.4
2022-09-28 07:58:38,653 [WARN] PackLoader:238 - Cannot read IP mode file for STMicroelectronics.X-CUBE-TOF1.3.1.0
2022-09-28 07:58:38,666 [WARN] PackLoader:238 - Cannot read IP mode file for wolfSSL.I-CUBE-wolfSSL.5.5.0
2022-09-28 07:58:38,675 [WARN] PackLoader:238 - Cannot read IP mode file for STMicroelectronics.X-CUBE-NFC7.1.0.0
2022-09-28 07:58:38,745 [WARN] PackLoader:238 - Cannot read IP mode file for STMicroelectronics.X-CUBE-MEMS1.9.3.0
2022-09-28 07:58:38,772 [INFO] DbMcusAds:47 - JSON generation date=Thu Sep 30 13:55:09 ICT 2021 (1632984909247)
2022-09-28 07:58:38,807 [INFO] DbMcusDocs:143 - JSON generation date=Tue Nov 16 23:17:54 ICT 2021 (1637079474)
2022-09-28 07:58:38,809 [INFO] DbMcusXml:100 - Load MCU database from C:\ST\STM32CubeIDE_1.7.0\STM32CubeIDE\plugins\com.st.stm32cube.common.mx_6.3.0.202107141111\\db\/mcu/families.xml
2022-09-28 07:58:39,008 [WARN] PackLoader:238 - Cannot read IP mode file for STMicroelectronics.X-CUBE-AI.7.2.0
2022-09-28 07:58:39,022 [WARN] PackLoader:238 - Cannot read IP mode file for STMicroelectronics.X-CUBE-SFXS2LP1.4.0.0
2022-09-28 07:58:39,036 [WARN] PackLoader:238 - Cannot read IP mode file for STMicroelectronics.X-CUBE-BLE2.3.3.0
2022-09-28 07:58:39,060 [WARN] PackLoader:238 - Cannot read IP mode file for STMicroelectronics.X-CUBE-DISPLAY.2.2.0
2022-09-28 07:58:39,075 [WARN] PackLoader:238 - Cannot read IP mode file for STMicroelectronics.X-CUBE-ISPU.1.0.0
2022-09-28 07:58:39,088 [WARN] PackLoader:238 - Cannot read IP mode file for RoweBots.I-CUBE-UNISONRTOS.5.5.0-4
2022-09-28 07:58:39,137 [WARN] PackLoader:238 - Cannot read IP mode file for STMicroelectronics.X-CUBE-AZRTOS-H7.2.1.0
2022-09-28 07:58:39,162 [WARN] PackLoader:238 - Cannot read IP mode file for STMicroelectronics.X-CUBE-BLEMGR.1.0.0
2022-09-28 07:58:39,175 [WARN] PackLoader:238 - Cannot read IP mode file for STMicroelectronics.X-CUBE-ALGOBUILD.1.3.0
2022-09-28 07:58:39,207 [WARN] PackLoader:238 - Cannot read IP mode file for STMicroelectronics.X-CUBE-AZRTOS-G0.1.1.0
2022-09-28 07:58:39,233 [WARN] PackLoader:238 - Cannot read IP mode file for STMicroelectronics.X-CUBE-SUBG2.5.0.0
2022-09-28 07:58:39,289 [WARN] PackLoader:238 - Cannot read IP mode file for SEGGER.I-CUBE-embOS.1.2.0
2022-09-28 07:58:39,350 [WARN] PackLoader:238 - Cannot read IP mode file for STMicroelectronics.FP-ATR-ASTRA1.1.1.1
2022-09-28 07:58:39,383 [WARN] PackLoader:238 - Cannot read IP mode file for STMicroelectronics.X-CUBE-AZRTOS-G4.1.0.0
2022-09-28 07:58:39,422 [WARN] PackLoader:238 - Cannot read IP mode file for STMicroelectronics.X-CUBE-AZRTOS-L4.1.0.0
2022-09-28 07:58:39,441 [WARN] PackLoader:238 - Cannot read IP mode file for emotas.I-CUBE-CANOPEN.1.1.2
2022-09-28 07:58:39,458 [WARN] PackLoader:238 - Cannot read IP mode file for STMicroelectronics.X-CUBE-TOUCHGFX.4.20.0
2022-09-28 07:58:39,505 [WARN] PackLoader:238 - Cannot read IP mode file for STMicroelectronics.X-CUBE-AZRTOS-WL.1.0.0
2022-09-28 07:58:39,518 [WARN] PackLoader:238 - Cannot read IP mode file for portGmbH.I-Cube-SoM-uGOAL.1.1.0
2022-09-28 07:58:39,530 [WARN] PackLoader:238 - Cannot read IP mode file for STMicroelectronics.X-CUBE-ALS.1.0.1
2022-09-28 07:58:39,566 [WARN] PackLoader:238 - Cannot read IP mode file for STMicroelectronics.X-CUBE-AZRTOS-L5.1.0.0
2022-09-28 07:58:39,588 [WARN] PackLoader:238 - Cannot read IP mode file for STMicroelectronics.X-CUBE-EEPRMA1.3.1.1
2022-09-28 07:58:39,589 [INFO] ThirdParty:915 - Integrity check success = true
2022-09-28 07:58:39,590 [INFO] IntegrityCheckThread:94 - exiting critical section [integrity check]
2022-09-28 07:58:39,590 [INFO] IntegrityCheckThread:97 - End integrity checks thread
2022-09-28 07:58:39,875 [INFO] DbMcusJson:93 - JSON generation date=Tue Nov 16 23:17:54 ICT 2021 (1637079474)
2022-09-28 07:58:40,539 [INFO] DbMcus:175 - Found 1951 MCUs (1903 are supported by CubeMX, 1914 are visible in CubeMX)
2022-09-28 07:58:40,540 [INFO] ApiDb:251 - Load user favorites file C:\Users\Admin/.stm32cubeide/favorites.mcus.txt: 0 item(s)
2022-09-28 07:58:40,540 [INFO] ApiDb:255 - User favorites MCUs=[]
2022-09-28 07:58:40,540 [INFO] DbMcus:187 - Set 0 / 0 favorites MCUs
2022-09-28 07:58:40,999 [INFO] DbMcusDocs:79 - Found 682 MCUs documents
2022-09-28 07:58:41,000 [INFO] ApiDb:276 - Save user favorites file C:\Users\Admin/.stm32cubeide/favorites.mcus.txt: 0 item(s)
2022-09-28 07:58:41,000 [INFO] ApiDb:280 - User favorites MCUs=[]
2022-09-28 07:58:41,000 [INFO] DbMcusXml:100 - Load MCU database from C:\ST\STM32CubeIDE_1.7.0\STM32CubeIDE\plugins\com.st.stm32cube.common.mx_6.3.0.202107141111\\db\/mcu/families.xml
2022-09-28 07:58:41,685 [INFO] DbMcusJson:93 - JSON generation date=Tue Nov 16 23:17:54 ICT 2021 (1637079474)
2022-09-28 07:58:42,237 [INFO] DbMcus:175 - Found 1951 MCUs (1903 are supported by CubeMX, 1914 are visible in CubeMX)
2022-09-28 07:58:42,237 [INFO] ApiDb:251 - Load user favorites file C:\Users\Admin/.stm32cubeide/favorites.mcus.txt: 0 item(s)
2022-09-28 07:58:42,237 [INFO] ApiDb:255 - User favorites MCUs=[]
2022-09-28 07:58:42,238 [INFO] DbMcus:187 - Set 0 / 0 favorites MCUs
2022-09-28 07:58:42,249 [INFO] DbBoardsDocs:143 - JSON generation date=Tue Nov 16 23:17:54 ICT 2021 (1637079474)
2022-09-28 07:58:42,264 [INFO] DbBoardsPdsc:90 - Found 25 items
2022-09-28 07:58:42,271 [INFO] DbBoardsPdsc:90 - Found 9 items
2022-09-28 07:58:42,280 [INFO] DbBoardsPdsc:90 - Found 33 items
2022-09-28 07:58:42,286 [INFO] DbBoardsPdsc:90 - Found 1 items
2022-09-28 07:58:42,298 [INFO] DbBoardsPdsc:90 - Found 48 items
2022-09-28 07:58:42,310 [INFO] DbBoardsPdsc:90 - Found 43 items
2022-09-28 07:58:42,317 [INFO] DbBoardsPdsc:90 - Found 2 items
2022-09-28 07:58:42,324 [INFO] DbBoardsPdsc:90 - Found 5 items
2022-09-28 07:58:42,328 [WARN] DbBoardsPdsc:254 - Board STM32H7B3I-DK: unknown feature type=Audio, name=, username=Audio stereo codec with Headphone Amp (CS42L51-CNZ), n=1
2022-09-28 07:58:42,328 [WARN] DbBoardsPdsc:254 - Board STM32H735G-DK: unknown feature type=Audio, name=, username=Audio stereo codec with Headphone Amp (WM8994ECS/R), n=1
2022-09-28 07:58:42,329 [WARN] DbBoardsPdsc:254 - Board STM32H7B3I-EVAL: unknown feature type=Audio, name=, username=Multi-Channel Audio Codec (CS42L51-CNZ), n=1
2022-09-28 07:58:42,329 [WARN] DbBoardsPdsc:254 - Board STM32H7B3I-EVAL: unknown feature type=Meter, name=, username=Power-metering and Temperature-monitoring with sigma-delta modulators, n=1
2022-09-28 07:58:42,329 [WARN] DbBoardsPdsc:254 - Board STM32H7B3I-EVAL: unknown feature type=Motor, name=, username=Motor Control, n=1
2022-09-28 07:58:42,330 [WARN] DbBoardsPdsc:254 - Board STM32U575I-EV: unknown feature type=joystick, name=, username=4-direction joystick with selection button, n=1
2022-09-28 07:58:42,373 [INFO] DbBoardsJson:86 - JSON generation date=Tue Nov 16 23:17:54 ICT 2021 (1637079474)
2022-09-28 07:58:42,378 [INFO] DbBoards:117 - Found 167 boards (163 are supported by CubeMX)
2022-09-28 07:58:42,379 [INFO] DbBoardsDocs:143 - JSON generation date=Tue Nov 16 23:17:54 ICT 2021 (1637079474)
2022-09-28 07:58:42,383 [INFO] DbBoardsDocs:79 - Found 209 boards documents
2022-09-28 07:58:42,383 [WARN] DbBoards:127 - board B-L475E-IOT01A2 has no document id list !
2022-09-28 07:58:42,384 [WARN] DbBoards:127 - board NUCLEO-H743ZI has no document id list !
2022-09-28 07:58:42,384 [WARN] DbBoards:127 - board NUCLEO-WL55JC2 has no document id list !
2022-09-28 07:58:42,384 [WARN] DbBoards:127 - board P-NUCLEO-WB55-Nucleo has no document id list !
2022-09-28 07:58:42,384 [WARN] DbBoards:127 - board P-NUCLEO-WB55-USBDongle has no document id list !
2022-09-28 07:58:42,385 [WARN] DbBoards:127 - board STEVAL-BFA001V1B has no document id list !
2022-09-28 07:58:42,385 [WARN] DbBoards:127 - board STEVAL-BFA001V2B has no document id list !
2022-09-28 07:58:42,385 [WARN] DbBoards:127 - board STEVAL-IDP005V1 has no document id list !
2022-09-28 07:58:42,385 [WARN] DbBoards:127 - board STEVAL-IDP005V2 has no document id list !
2022-09-28 07:58:42,385 [WARN] DbBoards:127 - board STEVAL-MKSBOX1V1 has no document id list !
2022-09-28 07:58:42,385 [WARN] DbBoards:127 - board STEVAL-STWINKT1 has no document id list !
2022-09-28 07:58:42,385 [WARN] DbBoards:127 - board STEVAL-STWINKT1B has no document id list !
2022-09-28 07:58:42,385 [WARN] DbBoards:127 - board STM32439I-EVAL2 has no document id list !
2022-09-28 07:58:42,386 [WARN] DbBoards:127 - board STM32F401C-DISCO has no document id list !
2022-09-28 07:58:42,386 [WARN] DbBoards:127 - board STM32F769I-DISC1 has no document id list !
2022-09-28 07:58:42,386 [WARN] DbBoards:127 - board STM32G474E-EVAL1 has no document id list !
2022-09-28 07:58:42,386 [WARN] DbBoards:127 - board STM32H743I-EVAL2 has no document id list !
2022-09-28 07:58:42,386 [WARN] DbBoards:127 - board STM32H747I-DISC1 has no document id list !
2022-09-28 07:58:42,386 [WARN] DbBoards:127 - board STM32H753I-EVAL2 has no document id list !
2022-09-28 07:58:42,386 [WARN] DbBoards:127 - board STM32L-DISCOVERY has no document id list !
2022-09-28 07:58:42,516 [ERROR] DbBoards:189 - Image file not found for board B-U585I-IOT02A: C:\ST\STM32CubeIDE_1.7.0\STM32CubeIDE\plugins\com.st.stm32cube.common.mx_6.3.0.202107141111\\db\/plugins/mcufinder/images/boards/B-U585I-IOT02A_small.jpg
2022-09-28 07:58:42,632 [ERROR] DbBoards:189 - Image file not found for board NUCLEO-F413ZH: C:\ST\STM32CubeIDE_1.7.0\STM32CubeIDE\plugins\com.st.stm32cube.common.mx_6.3.0.202107141111\\db\/plugins/mcufinder/images/boards/nucleo-f413zh_small.jpg
2022-09-28 07:58:42,850 [ERROR] DbBoards:189 - Image file not found for board NUCLEO-L552ZE-Q: C:\ST\STM32CubeIDE_1.7.0\STM32CubeIDE\plugins\com.st.stm32cube.common.mx_6.3.0.202107141111\\db\/plugins/mcufinder/images/boards/nucleo_l552ze_q_small.jpg
2022-09-28 07:58:42,850 [ERROR] DbBoards:189 - Image file not found for board NUCLEO-U575ZI-Q: C:\ST\STM32CubeIDE_1.7.0\STM32CubeIDE\plugins\com.st.stm32cube.common.mx_6.3.0.202107141111\\db\/plugins/mcufinder/images/boards/nucleo-u575zi-q_small.jpg
2022-09-28 07:58:42,850 [ERROR] DbBoards:189 - Image file not found for board NUCLEO-WB15CC: C:\ST\STM32CubeIDE_1.7.0\STM32CubeIDE\plugins\com.st.stm32cube.common.mx_6.3.0.202107141111\\db\/plugins/mcufinder/images/boards/nucleo-wb15cc_small.jpg
2022-09-28 07:58:42,850 [ERROR] DbBoards:189 - Image file not found for board NUCLEO-WB55RG: C:\ST\STM32CubeIDE_1.7.0\STM32CubeIDE\plugins\com.st.stm32cube.common.mx_6.3.0.202107141111\\db\/plugins/mcufinder/images/boards/nucleo-wb55rg_small.jpg
2022-09-28 07:58:43,722 [INFO] MainUpdater:2671 - connection check result : 10
2022-09-28 07:58:43,928 [INFO] ApiDb:251 - Load user favorites file C:\Users\Admin/.stm32cubeide/favorites.boards.txt: 0 item(s)
2022-09-28 07:58:43,929 [INFO] ApiDb:255 - User favorites Boards=[]
2022-09-28 07:58:43,929 [INFO] DbBoards:206 - Set 0 / 0 favorites Boards
2022-09-28 07:58:43,931 [INFO] DbBoardsDocs:79 - Found 418 boards documents
2022-09-28 07:58:43,932 [INFO] ApiDb:276 - Save user favorites file C:\Users\Admin/.stm32cubeide/favorites.boards.txt: 0 item(s)
2022-09-28 07:58:43,932 [INFO] ApiDb:280 - User favorites Boards=[]
2022-09-28 07:58:43,934 [INFO] DbBoardsPdsc:90 - Found 25 items
2022-09-28 07:58:43,936 [INFO] DbBoardsPdsc:90 - Found 9 items
2022-09-28 07:58:43,939 [INFO] DbBoardsPdsc:90 - Found 33 items
2022-09-28 07:58:43,940 [INFO] DbBoardsPdsc:90 - Found 1 items
2022-09-28 07:58:43,944 [INFO] DbBoardsPdsc:90 - Found 48 items
2022-09-28 07:58:43,949 [INFO] DbBoardsPdsc:90 - Found 43 items
2022-09-28 07:58:43,950 [INFO] DbBoardsPdsc:90 - Found 2 items
2022-09-28 07:58:43,951 [INFO] DbBoardsPdsc:90 - Found 5 items
2022-09-28 07:58:43,953 [WARN] DbBoardsPdsc:254 - Board STM32H7B3I-DK: unknown feature type=Audio, name=, username=Audio stereo codec with Headphone Amp (CS42L51-CNZ), n=1
2022-09-28 07:58:43,953 [WARN] DbBoardsPdsc:254 - Board STM32H735G-DK: unknown feature type=Audio, name=, username=Audio stereo codec with Headphone Amp (WM8994ECS/R), n=1
2022-09-28 07:58:43,954 [WARN] DbBoardsPdsc:254 - Board STM32H7B3I-EVAL: unknown feature type=Audio, name=, username=Multi-Channel Audio Codec (CS42L51-CNZ), n=1
2022-09-28 07:58:43,954 [WARN] DbBoardsPdsc:254 - Board STM32H7B3I-EVAL: unknown feature type=Meter, name=, username=Power-metering and Temperature-monitoring with sigma-delta modulators, n=1
2022-09-28 07:58:43,954 [WARN] DbBoardsPdsc:254 - Board STM32H7B3I-EVAL: unknown feature type=Motor, name=, username=Motor Control, n=1
2022-09-28 07:58:43,955 [WARN] DbBoardsPdsc:254 - Board STM32U575I-EV: unknown feature type=joystick, name=, username=4-direction joystick with selection button, n=1
2022-09-28 07:58:43,970 [INFO] DbBoardsJson:86 - JSON generation date=Tue Nov 16 23:17:54 ICT 2021 (1637079474)
2022-09-28 07:58:43,974 [INFO] DbBoards:117 - Found 167 boards (163 are supported by CubeMX)
2022-09-28 07:58:43,974 [WARN] DbBoards:127 - board B-L475E-IOT01A2 has no document id list !
2022-09-28 07:58:43,975 [WARN] DbBoards:127 - board NUCLEO-H743ZI has no document id list !
2022-09-28 07:58:43,975 [WARN] DbBoards:127 - board NUCLEO-WL55JC2 has no document id list !
2022-09-28 07:58:43,975 [WARN] DbBoards:127 - board P-NUCLEO-WB55-Nucleo has no document id list !
2022-09-28 07:58:43,975 [WARN] DbBoards:127 - board P-NUCLEO-WB55-USBDongle has no document id list !
2022-09-28 07:58:43,975 [WARN] DbBoards:127 - board STEVAL-BFA001V1B has no document id list !
2022-09-28 07:58:43,975 [WARN] DbBoards:127 - board STEVAL-BFA001V2B has no document id list !
2022-09-28 07:58:43,975 [WARN] DbBoards:127 - board STEVAL-IDP005V1 has no document id list !
2022-09-28 07:58:43,975 [WARN] DbBoards:127 - board STEVAL-IDP005V2 has no document id list !
2022-09-28 07:58:43,975 [WARN] DbBoards:127 - board STEVAL-MKSBOX1V1 has no document id list !
2022-09-28 07:58:43,975 [WARN] DbBoards:127 - board STEVAL-STWINKT1 has no document id list !
2022-09-28 07:58:43,975 [WARN] DbBoards:127 - board STEVAL-STWINKT1B has no document id list !
2022-09-28 07:58:43,975 [WARN] DbBoards:127 - board STM32439I-EVAL2 has no document id list !
2022-09-28 07:58:43,975 [WARN] DbBoards:127 - board STM32F401C-DISCO has no document id list !
2022-09-28 07:58:43,976 [WARN] DbBoards:127 - board STM32F769I-DISC1 has no document id list !
2022-09-28 07:58:43,976 [WARN] DbBoards:127 - board STM32G474E-EVAL1 has no document id list !
2022-09-28 07:58:43,976 [WARN] DbBoards:127 - board STM32H743I-EVAL2 has no document id list !
2022-09-28 07:58:43,976 [WARN] DbBoards:127 - board STM32H747I-DISC1 has no document id list !
2022-09-28 07:58:43,976 [WARN] DbBoards:127 - board STM32H753I-EVAL2 has no document id list !
2022-09-28 07:58:43,976 [WARN] DbBoards:127 - board STM32L-DISCOVERY has no document id list !
2022-09-28 07:58:44,052 [ERROR] DbBoards:189 - Image file not found for board B-U585I-IOT02A: C:\ST\STM32CubeIDE_1.7.0\STM32CubeIDE\plugins\com.st.stm32cube.common.mx_6.3.0.202107141111\\db\/plugins/mcufinder/images/boards/B-U585I-IOT02A_small.jpg
2022-09-28 07:58:44,131 [ERROR] DbBoards:189 - Image file not found for board NUCLEO-F413ZH: C:\ST\STM32CubeIDE_1.7.0\STM32CubeIDE\plugins\com.st.stm32cube.common.mx_6.3.0.202107141111\\db\/plugins/mcufinder/images/boards/nucleo-f413zh_small.jpg
2022-09-28 07:58:44,311 [ERROR] DbBoards:189 - Image file not found for board NUCLEO-L552ZE-Q: C:\ST\STM32CubeIDE_1.7.0\STM32CubeIDE\plugins\com.st.stm32cube.common.mx_6.3.0.202107141111\\db\/plugins/mcufinder/images/boards/nucleo_l552ze_q_small.jpg
2022-09-28 07:58:44,311 [ERROR] DbBoards:189 - Image file not found for board NUCLEO-U575ZI-Q: C:\ST\STM32CubeIDE_1.7.0\STM32CubeIDE\plugins\com.st.stm32cube.common.mx_6.3.0.202107141111\\db\/plugins/mcufinder/images/boards/nucleo-u575zi-q_small.jpg
2022-09-28 07:58:44,311 [ERROR] DbBoards:189 - Image file not found for board NUCLEO-WB15CC: C:\ST\STM32CubeIDE_1.7.0\STM32CubeIDE\plugins\com.st.stm32cube.common.mx_6.3.0.202107141111\\db\/plugins/mcufinder/images/boards/nucleo-wb15cc_small.jpg
2022-09-28 07:58:44,311 [ERROR] DbBoards:189 - Image file not found for board NUCLEO-WB55RG: C:\ST\STM32CubeIDE_1.7.0\STM32CubeIDE\plugins\com.st.stm32cube.common.mx_6.3.0.202107141111\\db\/plugins/mcufinder/images/boards/nucleo-wb55rg_small.jpg
2022-09-28 07:58:45,028 [INFO] ApiDb:251 - Load user favorites file C:\Users\Admin/.stm32cubeide/favorites.boards.txt: 0 item(s)
2022-09-28 07:58:45,028 [INFO] ApiDb:255 - User favorites Boards=[]
2022-09-28 07:58:45,028 [INFO] DbBoards:206 - Set 0 / 0 favorites Boards
2022-09-28 07:58:45,036 [ERROR] TargetSelectorAdapter:232 - Unable to refresh data
2022-09-28 07:58:45,041 [INFO] McuFinderGlobals:52 - Set McuFinderConnectedMode to true
2022-09-28 07:58:45,189 [INFO] McuFinderGlobals:52 - Set McuFinderConnectedMode to false
2022-09-28 07:58:45,276 [INFO] CrossSelectorPresenter:1330 - Cross Selector saved comparison directory: C:\Users\Admin\.stmcufinder\plugins\mcufinder\mcu\cs_comparisons_mx
2022-09-28 07:58:45,281 [INFO] MultiScanPanel:197 - Auto-refresh data requested => check proxy status ongoing
2022-09-28 07:58:45,282 [INFO] MultiScanPanel:201 - Proxy status is invalid
2022-09-28 07:58:45,285 [INFO] FinderPluginLoader:87 - Searching for filters in installed packs
2022-09-28 07:58:45,683 [INFO] DetailPanel:309 - Set advertising image to C:/Users/Admin/STM32Cube/Repository/\en.Prom_NBSTM32U50921.jpg
2022-09-28 07:59:01,682 [INFO] ServerAccessManage:362 - Download File mcusAds.json._tmp_
2022-09-28 07:59:01,795 [INFO] LoadUrlFilesThread:145 - End of LoadUrlFiles Thread
2022-09-28 07:59:02,941 [INFO] ServerAccessManage:362 - Download File mcusDocs.json._tmp_
2022-09-28 07:59:04,075 [INFO] LoadUrlFilesThread:145 - End of LoadUrlFiles Thread
2022-09-28 07:59:05,147 [INFO] ServerAccessManage:362 - Download File mcusFeaturesAndDescription.json._tmp_
2022-09-28 07:59:28,178 [INFO] LoadUrlFilesThread:145 - End of LoadUrlFiles Thread
2022-09-28 07:59:50,146 [INFO] ServerAccessManage:362 - Download File boardsDocs.json._tmp_
2022-09-28 07:59:56,851 [INFO] LoadUrlFilesThread:145 - End of LoadUrlFiles Thread
2022-09-28 07:59:57,229 [INFO] ServerAccessManage:362 - Download File boards.json._tmp_
2022-09-28 07:59:58,018 [INFO] LoadUrlFilesThread:145 - End of LoadUrlFiles Thread
2022-09-28 08:00:08,226 [INFO] ServerAccessManage:362 - Download File cube-finder-db.zip
2022-09-28 08:02:06,540 [INFO] DbMcusAds:47 - JSON generation date=Thu Sep 30 13:55:09 ICT 2021 (1632984909247)
2022-09-28 08:02:06,551 [INFO] DbMcusDocs:143 - JSON generation date=Tue Nov 16 23:17:54 ICT 2021 (1637079474)
2022-09-28 08:02:06,868 [INFO] DbMcusDocs:79 - Found 682 MCUs documents
2022-09-28 08:02:06,870 [INFO] ApiDb:276 - Save user favorites file C:\Users\Admin/.stm32cubeide/favorites.mcus.txt: 0 item(s)
2022-09-28 08:02:06,870 [INFO] ApiDb:280 - User favorites MCUs=[]
2022-09-28 08:02:06,870 [INFO] DbMcusXml:100 - Load MCU database from C:\ST\STM32CubeIDE_1.7.0\STM32CubeIDE\plugins\com.st.stm32cube.common.mx_6.3.0.202107141111\\db\/mcu/families.xml
2022-09-28 08:02:07,518 [INFO] DbMcusJson:93 - JSON generation date=Tue Nov 16 23:17:54 ICT 2021 (1637079474)
2022-09-28 08:02:08,138 [INFO] DbMcus:175 - Found 1951 MCUs (1903 are supported by CubeMX, 1914 are visible in CubeMX)
2022-09-28 08:02:08,139 [INFO] ApiDb:251 - Load user favorites file C:\Users\Admin/.stm32cubeide/favorites.mcus.txt: 0 item(s)
2022-09-28 08:02:08,139 [INFO] ApiDb:255 - User favorites MCUs=[]
2022-09-28 08:02:08,139 [INFO] DbMcus:187 - Set 0 / 0 favorites MCUs
2022-09-28 08:02:08,698 [INFO] DbBoardsDocs:143 - JSON generation date=Tue Nov 16 23:17:54 ICT 2021 (1637079474)
2022-09-28 08:02:08,701 [INFO] DbBoardsDocs:79 - Found 209 boards documents
2022-09-28 08:02:08,702 [INFO] ApiDb:276 - Save user favorites file C:\Users\Admin/.stm32cubeide/favorites.boards.txt: 0 item(s)
2022-09-28 08:02:08,702 [INFO] ApiDb:280 - User favorites Boards=[]
2022-09-28 08:02:08,705 [INFO] DbBoardsPdsc:90 - Found 25 items
2022-09-28 08:02:08,707 [INFO] DbBoardsPdsc:90 - Found 9 items
2022-09-28 08:02:08,709 [INFO] DbBoardsPdsc:90 - Found 33 items
2022-09-28 08:02:08,710 [INFO] DbBoardsPdsc:90 - Found 1 items
2022-09-28 08:02:08,715 [INFO] DbBoardsPdsc:90 - Found 48 items
2022-09-28 08:02:08,720 [INFO] DbBoardsPdsc:90 - Found 43 items
2022-09-28 08:02:08,721 [INFO] DbBoardsPdsc:90 - Found 2 items
2022-09-28 08:02:08,722 [INFO] DbBoardsPdsc:90 - Found 5 items
2022-09-28 08:02:08,724 [WARN] DbBoardsPdsc:254 - Board STM32H7B3I-DK: unknown feature type=Audio, name=, username=Audio stereo codec with Headphone Amp (CS42L51-CNZ), n=1
2022-09-28 08:02:08,724 [WARN] DbBoardsPdsc:254 - Board STM32H735G-DK: unknown feature type=Audio, name=, username=Audio stereo codec with Headphone Amp (WM8994ECS/R), n=1
2022-09-28 08:02:08,725 [WARN] DbBoardsPdsc:254 - Board STM32H7B3I-EVAL: unknown feature type=Audio, name=, username=Multi-Channel Audio Codec (CS42L51-CNZ), n=1
2022-09-28 08:02:08,725 [WARN] DbBoardsPdsc:254 - Board STM32H7B3I-EVAL: unknown feature type=Meter, name=, username=Power-metering and Temperature-monitoring with sigma-delta modulators, n=1
2022-09-28 08:02:08,725 [WARN] DbBoardsPdsc:254 - Board STM32H7B3I-EVAL: unknown feature type=Motor, name=, username=Motor Control, n=1
2022-09-28 08:02:08,725 [WARN] DbBoardsPdsc:254 - Board STM32U575I-EV: unknown feature type=joystick, name=, username=4-direction joystick with selection button, n=1
2022-09-28 08:02:08,755 [INFO] DbBoardsJson:86 - JSON generation date=Tue Nov 16 23:17:54 ICT 2021 (1637079474)
2022-09-28 08:02:08,760 [INFO] DbBoards:117 - Found 167 boards (163 are supported by CubeMX)
2022-09-28 08:02:08,760 [WARN] DbBoards:127 - board B-L475E-IOT01A2 has no document id list !
2022-09-28 08:02:08,761 [WARN] DbBoards:127 - board NUCLEO-H743ZI has no document id list !
2022-09-28 08:02:08,761 [WARN] DbBoards:127 - board NUCLEO-WL55JC2 has no document id list !
2022-09-28 08:02:08,761 [WARN] DbBoards:127 - board P-NUCLEO-WB55-Nucleo has no document id list !
2022-09-28 08:02:08,761 [WARN] DbBoards:127 - board P-NUCLEO-WB55-USBDongle has no document id list !
2022-09-28 08:02:08,761 [WARN] DbBoards:127 - board STEVAL-BFA001V1B has no document id list !
2022-09-28 08:02:08,761 [WARN] DbBoards:127 - board STEVAL-BFA001V2B has no document id list !
2022-09-28 08:02:08,761 [WARN] DbBoards:127 - board STEVAL-IDP005V1 has no document id list !
2022-09-28 08:02:08,761 [WARN] DbBoards:127 - board STEVAL-IDP005V2 has no document id list !
2022-09-28 08:02:08,761 [WARN] DbBoards:127 - board STEVAL-MKSBOX1V1 has no document id list !
2022-09-28 08:02:08,761 [WARN] DbBoards:127 - board STEVAL-STWINKT1 has no document id list !
2022-09-28 08:02:08,761 [WARN] DbBoards:127 - board STEVAL-STWINKT1B has no document id list !
2022-09-28 08:02:08,761 [WARN] DbBoards:127 - board STM32439I-EVAL2 has no document id list !
2022-09-28 08:02:08,761 [WARN] DbBoards:127 - board STM32F401C-DISCO has no document id list !
2022-09-28 08:02:08,762 [WARN] DbBoards:127 - board STM32F769I-DISC1 has no document id list !
2022-09-28 08:02:08,762 [WARN] DbBoards:127 - board STM32G474E-EVAL1 has no document id list !
2022-09-28 08:02:08,762 [WARN] DbBoards:127 - board STM32H743I-EVAL2 has no document id list !
2022-09-28 08:02:08,762 [WARN] DbBoards:127 - board STM32H747I-DISC1 has no document id list !
2022-09-28 08:02:08,762 [WARN] DbBoards:127 - board STM32H753I-EVAL2 has no document id list !
2022-09-28 08:02:08,762 [WARN] DbBoards:127 - board STM32L-DISCOVERY has no document id list !
2022-09-28 08:02:08,837 [ERROR] DbBoards:189 - Image file not found for board B-U585I-IOT02A: C:\ST\STM32CubeIDE_1.7.0\STM32CubeIDE\plugins\com.st.stm32cube.common.mx_6.3.0.202107141111\\db\/plugins/mcufinder/images/boards/B-U585I-IOT02A_small.jpg
2022-09-28 08:02:08,924 [ERROR] DbBoards:189 - Image file not found for board NUCLEO-F413ZH: C:\ST\STM32CubeIDE_1.7.0\STM32CubeIDE\plugins\com.st.stm32cube.common.mx_6.3.0.202107141111\\db\/plugins/mcufinder/images/boards/nucleo-f413zh_small.jpg
2022-09-28 08:02:09,096 [ERROR] DbBoards:189 - Image file not found for board NUCLEO-L552ZE-Q: C:\ST\STM32CubeIDE_1.7.0\STM32CubeIDE\plugins\com.st.stm32cube.common.mx_6.3.0.202107141111\\db\/plugins/mcufinder/images/boards/nucleo_l552ze_q_small.jpg
2022-09-28 08:02:09,097 [ERROR] DbBoards:189 - Image file not found for board NUCLEO-U575ZI-Q: C:\ST\STM32CubeIDE_1.7.0\STM32CubeIDE\plugins\com.st.stm32cube.common.mx_6.3.0.202107141111\\db\/plugins/mcufinder/images/boards/nucleo-u575zi-q_small.jpg
2022-09-28 08:02:09,097 [ERROR] DbBoards:189 - Image file not found for board NUCLEO-WB15CC: C:\ST\STM32CubeIDE_1.7.0\STM32CubeIDE\plugins\com.st.stm32cube.common.mx_6.3.0.202107141111\\db\/plugins/mcufinder/images/boards/nucleo-wb15cc_small.jpg
2022-09-28 08:02:09,097 [ERROR] DbBoards:189 - Image file not found for board NUCLEO-WB55RG: C:\ST\STM32CubeIDE_1.7.0\STM32CubeIDE\plugins\com.st.stm32cube.common.mx_6.3.0.202107141111\\db\/plugins/mcufinder/images/boards/nucleo-wb55rg_small.jpg
2022-09-28 08:02:09,809 [INFO] ApiDb:251 - Load user favorites file C:\Users\Admin/.stm32cubeide/favorites.boards.txt: 0 item(s)
2022-09-28 08:02:09,809 [INFO] ApiDb:255 - User favorites Boards=[]
2022-09-28 08:02:09,809 [INFO] DbBoards:206 - Set 0 / 0 favorites Boards
2022-09-28 08:02:10,056 [ERROR] TargetSelectorAdapter:232 - Unable to refresh data
2022-09-28 08:02:10,842 [INFO] McuFinderGlobals:52 - Set McuFinderConnectedMode to false
2022-09-28 08:02:10,883 [INFO] CrossSelectorPresenter:1330 - Cross Selector saved comparison directory: C:\Users\Admin\.stmcufinder\plugins\mcufinder\mcu\cs_comparisons_mx
2022-09-28 08:02:10,883 [INFO] MultiScanPanel:197 - Auto-refresh data requested => check proxy status ongoing
2022-09-28 08:02:10,884 [INFO] MultiScanPanel:201 - Proxy status is invalid
2022-09-28 08:02:10,884 [INFO] FinderPluginLoader:87 - Searching for filters in installed packs
2022-09-28 08:02:11,118 [INFO] DetailPanel:309 - Set advertising image to C:/Users/Admin/STM32Cube/Repository/\en.Prom_NBSTM32U50921.jpg
2022-09-28 08:02:21,816 [INFO] MainUpdater:2671 - connection check result : 10
2022-09-28 08:02:32,722 [INFO] McuFinderGlobals:52 - Set McuFinderConnectedMode to false
2022-09-28 08:02:32,733 [INFO] CrossSelectorPresenter:1330 - Cross Selector saved comparison directory: C:\Users\Admin\.stmcufinder\plugins\mcufinder\mcu\cs_comparisons_mx
2022-09-28 08:02:32,733 [INFO] MultiScanPanel:197 - Auto-refresh data requested => check proxy status ongoing
2022-09-28 08:02:32,733 [INFO] MultiScanPanel:201 - Proxy status is invalid
2022-09-28 08:02:32,733 [INFO] FinderPluginLoader:87 - Searching for filters in installed packs
2022-09-28 08:02:33,039 [INFO] DetailPanel:309 - Set advertising image to C:/Users/Admin/STM32Cube/Repository/\en.Prom_NBSTM32U50921.jpg
2022-09-28 08:02:44,763 [ERROR] ServerAccessManage:531 - User Cancel Download : cube-finder-db.zip.
2022-09-28 08:02:44,877 [INFO] LoadUrlFilesThread:145 - End of LoadUrlFiles Thread
2022-09-28 08:03:17,292 [INFO] MainUpdater:2671 - connection check result : 10
2022-09-28 08:03:17,293 [INFO] MainUpdater:2671 - connection check result : 10
2022-09-28 08:03:17,340 [INFO] MicroXplorer:448 - Change Database Path : 
2022-09-28 08:03:17,340 [INFO] MicroXplorer:478 - Change Database Version : DB.6.0.30
2022-09-28 08:03:17,340 [WARN] ThirdParty:813 - waiting for thirdparty lock release [close project]
2022-09-28 08:03:17,340 [INFO] ThirdParty:815 - entering critical section [close project]
2022-09-28 08:03:17,341 [INFO] ThirdParty:825 - exiting critical section [close project]
2022-09-28 08:03:17,346 [INFO] PinOutPanel:1463 - setPackage(No Configuration,No Configuration)
2022-09-28 08:03:17,346 [INFO] UtilMem:74 - Begin LoadConfig() Used Memory: 838978824 Bytes (1028653056)
2022-09-28 08:03:17,348 [INFO] MicroXplorer:448 - Change Database Path : 
2022-09-28 08:03:17,348 [INFO] MicroXplorer:478 - Change Database Version : DB.6.0.30
2022-09-28 08:03:17,348 [INFO] OpenFileManager:313 - Change cursor
2022-09-28 08:03:18,212 [INFO] Context:592 - Trying to add GPIOservice into a context  which must be forbidden
2022-09-28 08:03:18,375 [INFO] ImportTextPane:167 - (OptionalMessage_ERROR) Unable to find key (Mcu.ThirdPartyNb) in loaded IOC file
2022-09-28 08:03:18,375 [INFO] ImportTextPane:167 - (OptionalMessage_ERROR) Unable to find key (Mcu.PinsNb) in loaded IOC file
2022-09-28 08:03:18,375 [INFO] ImportTextPane:167 - (OptionalMessage_ERROR) Unable to find key (Mcu.IPNb) in loaded IOC file
2022-09-28 08:03:18,412 [WARN] ApiManager:304 - Cannot register API 'Board Extension:GNSS1A1' from pack STMicroelectronics.X-CUBE-GNSS1.6.0.0: no header file found
2022-09-28 08:03:18,412 [WARN] ApiManager:304 - Cannot register API 'Board Support:Custom' from pack STMicroelectronics.X-CUBE-GNSS1.6.0.0: no header file found
2022-09-28 08:03:18,412 [WARN] ApiManager:304 - Cannot register API 'Data Exchange:lib_gnss' from pack STMicroelectronics.X-CUBE-GNSS1.6.0.0: no header file found
2022-09-28 08:03:18,421 [WARN] ModelIntegratedComponent:60 - No mode defined for component null
2022-09-28 08:03:18,421 [WARN] ModelIntegratedComponent:60 - No mode defined for component null
2022-09-28 08:03:18,421 [WARN] ModelIntegratedComponent:60 - No mode defined for component null
2022-09-28 08:03:18,421 [WARN] ModelIntegratedComponent:60 - No mode defined for component null
2022-09-28 08:03:18,421 [WARN] ModelIntegratedComponent:60 - No mode defined for component null
2022-09-28 08:03:18,421 [WARN] ModelIntegratedComponent:60 - No mode defined for component null
2022-09-28 08:03:18,421 [WARN] ModelIntegratedComponent:60 - No mode defined for component null
2022-09-28 08:03:18,421 [WARN] ModelIntegratedComponent:60 - No mode defined for component null
2022-09-28 08:03:18,421 [WARN] ModelIntegratedComponent:60 - No mode defined for component null
2022-09-28 08:03:18,422 [WARN] ModelIntegratedComponent:60 - No mode defined for component null
2022-09-28 08:03:18,422 [WARN] ModelIntegratedComponent:60 - No mode defined for component null
2022-09-28 08:03:18,422 [WARN] ModelIntegratedComponent:60 - No mode defined for component null
2022-09-28 08:03:18,422 [WARN] ModelIntegratedComponent:60 - No mode defined for component null
2022-09-28 08:03:18,422 [WARN] ModelIntegratedComponent:60 - No mode defined for component null
2022-09-28 08:03:18,422 [WARN] ModelIntegratedComponent:60 - No mode defined for component null
2022-09-28 08:03:18,422 [WARN] ModelIntegratedComponent:60 - No mode defined for component null
2022-09-28 08:03:18,422 [WARN] ModelIntegratedComponent:60 - No mode defined for component null
2022-09-28 08:03:18,422 [WARN] ModelIntegratedComponent:60 - No mode defined for component null
2022-09-28 08:03:18,422 [WARN] ModelIntegratedComponent:60 - No mode defined for component null
2022-09-28 08:03:18,422 [WARN] ModelIntegratedComponent:60 - No mode defined for component null
2022-09-28 08:03:18,422 [WARN] ModelIntegratedComponent:60 - No mode defined for component null
2022-09-28 08:03:18,422 [WARN] ModelIntegratedComponent:60 - No mode defined for component null
2022-09-28 08:03:18,422 [WARN] ModelIntegratedComponent:60 - No mode defined for component null
2022-09-28 08:03:18,422 [WARN] ModelIntegratedComponent:60 - No mode defined for component null
2022-09-28 08:03:18,422 [WARN] ModelIntegratedComponent:60 - No mode defined for component null
2022-09-28 08:03:18,423 [WARN] ModelIntegratedComponent:60 - No mode defined for component null
2022-09-28 08:03:18,423 [WARN] ModelIntegratedComponent:60 - No mode defined for component null
2022-09-28 08:03:18,423 [WARN] ModelIntegratedComponent:60 - No mode defined for component null
2022-09-28 08:03:18,423 [WARN] ModelIntegratedComponent:60 - No mode defined for component null
2022-09-28 08:03:18,423 [WARN] ModelIntegratedComponent:60 - No mode defined for component null
2022-09-28 08:03:18,423 [WARN] ModelIntegratedComponent:60 - No mode defined for component null
2022-09-28 08:03:18,425 [WARN] ApiManager:304 - Cannot register API 'Board Extension:NFC07A1' from pack STMicroelectronics.X-CUBE-NFC7.1.0.0: no header file found
2022-09-28 08:03:18,605 [WARN] ApiManager:304 - Cannot register API 'Board Extension:IKS01A3' from pack STMicroelectronics.X-CUBE-MEMS1.9.3.0: no header file found
2022-09-28 08:03:18,605 [WARN] ApiManager:304 - Cannot register API 'Board Extension:IKS01A2' from pack STMicroelectronics.X-CUBE-MEMS1.9.3.0: no header file found
2022-09-28 08:03:18,605 [WARN] ApiManager:304 - Cannot register API 'Board Extension:IKS02A1' from pack STMicroelectronics.X-CUBE-MEMS1.9.3.0: no header file found
2022-09-28 08:03:18,613 [WARN] ApiManager:304 - Cannot register API 'Wireless:BlueNRG-MS' from pack STMicroelectronics.X-CUBE-BLE1.6.2.3: no header file found
2022-09-28 08:03:18,615 [INFO] RtosManager:484 - Registered RTOS mode: class=CMSIS, group=RTOS, mode=CMSIS_V1, owner=FREERTOS
2022-09-28 08:03:18,615 [INFO] RtosManager:484 - Registered RTOS mode: class=CMSIS, group=RTOS2, mode=CMSIS_V2, owner=FREERTOS
2022-09-28 08:03:18,616 [INFO] RtosManager:484 - Registered RTOS mode: class=RTOS, group=Core, mode=CMSIS_V1, owner=FREERTOS
2022-09-28 08:03:18,616 [INFO] RtosManager:484 - Registered RTOS mode: class=RTOS, group=Core, mode=CMSIS_V2, owner=FREERTOS
2022-09-28 08:03:18,616 [WARN] ModelIntegratedComponent:181 - Missing modes for component STMicroelectronics:FreeRTOS:0.0.1:STMicroelectronics:RTOS:FreeRTOS:Core:::10.2.0:
2022-09-28 08:03:18,620 [WARN] ApiManager:304 - Cannot register API 'Board Extension:S2868A1' from pack STMicroelectronics.X-CUBE-SUBG2.5.0.0: no header file found
2022-09-28 08:03:18,620 [WARN] ApiManager:304 - Cannot register API 'Board Extension:S2868A2' from pack STMicroelectronics.X-CUBE-SUBG2.5.0.0: no header file found
2022-09-28 08:03:18,620 [WARN] ApiManager:304 - Cannot register API 'Board Extension:S2915A1' from pack STMicroelectronics.X-CUBE-SUBG2.5.0.0: no header file found
2022-09-28 08:03:18,624 [WARN] ApiManager:304 - Cannot register API 'Board Extension:EEPRMA1' from pack STMicroelectronics.X-CUBE-EEPRMA1.3.1.1: no header file found
2022-09-28 08:03:18,624 [WARN] ApiManager:304 - Cannot register API 'Board Extension:EEPRMA2' from pack STMicroelectronics.X-CUBE-EEPRMA1.3.1.1: no header file found
2022-09-28 08:03:18,625 [WARN] ApiManager:304 - Cannot register API 'Board Extension:S2868A1' from pack STMicroelectronics.X-CUBE-SFXS2LP1.4.0.0: no header file found
2022-09-28 08:03:18,625 [WARN] ApiManager:304 - Cannot register API 'Board Extension:S2868A2' from pack STMicroelectronics.X-CUBE-SFXS2LP1.4.0.0: no header file found
2022-09-28 08:03:18,625 [WARN] ApiManager:304 - Cannot register API 'Board Extension:S2915A1' from pack STMicroelectronics.X-CUBE-SFXS2LP1.4.0.0: no header file found
2022-09-28 08:03:18,625 [WARN] ApiManager:304 - Cannot register API 'Wireless:BlueNRG-2' from pack STMicroelectronics.X-CUBE-BLE2.3.3.0: no header file found
2022-09-28 08:03:18,626 [WARN] ApiManager:304 - Cannot register API 'Board Extension:NFC04A1' from pack STMicroelectronics.X-CUBE-NFC4.2.0.4: no header file found
2022-09-28 08:03:20,002 [INFO] UtilMem:74 - End LoadConfig() Used Memory: 732532784 Bytes (1028653056)
2022-09-28 08:03:20,017 [WARN] ThirdParty:779 - waiting for thirdparty lock release [change project]
2022-09-28 08:03:20,017 [INFO] ThirdParty:781 - entering critical section [change project]
2022-09-28 08:03:20,017 [INFO] ThirdParty:967 - CMSIS Pack Vendor :RoweBots I-CUBE-UNISONRTOS 5.5.0-4
2022-09-28 08:03:20,017 [INFO] ThirdParty:967 - CMSIS Pack Vendor :STMicroelectronics X-CUBE-GNSS1 6.0.0
2022-09-28 08:03:20,017 [INFO] ThirdParty:967 - CMSIS Pack Vendor :STMicroelectronics X-CUBE-AZRTOS-H7 2.1.0
2022-09-28 08:03:20,017 [INFO] ThirdParty:967 - CMSIS Pack Vendor :STMicroelectronics USB_HOST 2.0.0
2022-09-28 08:03:20,017 [INFO] ThirdParty:967 - CMSIS Pack Vendor :STMicroelectronics X-CUBE-AZRTOS-F4 1.1.0
2022-09-28 08:03:20,017 [INFO] ThirdParty:967 - CMSIS Pack Vendor :STMicroelectronics X-CUBE-AZRTOS-G4 1.0.0
2022-09-28 08:03:20,018 [INFO] ThirdParty:967 - CMSIS Pack Vendor :STMicroelectronics X-CUBE-AZRTOS-L4 1.0.0
2022-09-28 08:03:20,018 [INFO] ThirdParty:967 - CMSIS Pack Vendor :STMicroelectronics USB_DEVICE 3.0.0
2022-09-28 08:03:20,018 [INFO] ThirdParty:967 - CMSIS Pack Vendor :wolfSSL I-CUBE-wolfSSL 5.5.0
2022-09-28 08:03:20,018 [INFO] ThirdParty:967 - CMSIS Pack Vendor :STMicroelectronics HAL Drivers 0.0.0
2022-09-28 08:03:20,018 [INFO] ThirdParty:967 - CMSIS Pack Vendor :STMicroelectronics MBEDTLS 2.16.2
2022-09-28 08:03:20,018 [INFO] ThirdParty:967 - CMSIS Pack Vendor :emotas I-CUBE-CANOPEN 1.1.2
2022-09-28 08:03:20,018 [INFO] ThirdParty:967 - CMSIS Pack Vendor :STMicroelectronics X-CUBE-TOUCHGFX 4.20.0
2022-09-28 08:03:20,018 [INFO] ThirdParty:967 - CMSIS Pack Vendor :STMicroelectronics MBEDTLS 2.14.1
2022-09-28 08:03:20,018 [INFO] ThirdParty:967 - CMSIS Pack Vendor :STMicroelectronics X-CUBE-NFC7 1.0.0
2022-09-28 08:03:20,018 [INFO] ThirdParty:967 - CMSIS Pack Vendor :STMicroelectronics X-CUBE-BLEMGR 1.0.0
2022-09-28 08:03:20,018 [INFO] ThirdParty:967 - CMSIS Pack Vendor :STMicroelectronics X-CUBE-AZRTOS-WL 1.0.0
2022-09-28 08:03:20,018 [INFO] ThirdParty:967 - CMSIS Pack Vendor :STMicroelectronics X-CUBE-AZRTOS-F7 1.1.0
2022-09-28 08:03:20,018 [INFO] ThirdParty:967 - CMSIS Pack Vendor :STMicroelectronics X-CUBE-MEMS1 9.3.0
2022-09-28 08:03:20,018 [INFO] ThirdParty:967 - CMSIS Pack Vendor :portGmbH I-Cube-SoM-uGOAL 1.1.0
2022-09-28 08:03:20,018 [INFO] ThirdParty:967 - CMSIS Pack Vendor :STMicroelectronics X-CUBE-ALS 1.0.1
2022-09-28 08:03:20,018 [INFO] ThirdParty:967 - CMSIS Pack Vendor :STMicroelectronics USB_DEVICE 2.0.0
2022-09-28 08:03:20,018 [INFO] ThirdParty:967 - CMSIS Pack Vendor :STMicroelectronics X-CUBE-AI 7.2.0
2022-09-28 08:03:20,018 [INFO] ThirdParty:967 - CMSIS Pack Vendor :STMicroelectronics X-CUBE-BLE1 6.2.3
2022-09-28 08:03:20,018 [INFO] ThirdParty:967 - CMSIS Pack Vendor :STMicroelectronics X-CUBE-ALGOBUILD 1.3.0
2022-09-28 08:03:20,019 [INFO] ThirdParty:967 - CMSIS Pack Vendor :STMicroelectronics X-CUBE-AZRTOS-L5 1.0.0
2022-09-28 08:03:20,019 [INFO] ThirdParty:967 - CMSIS Pack Vendor :STMicroelectronics FreeRTOS 0.0.1
2022-09-28 08:03:20,019 [INFO] ThirdParty:967 - CMSIS Pack Vendor :STMicroelectronics X-CUBE-AZRTOS-G0 1.1.0
2022-09-28 08:03:20,019 [INFO] ThirdParty:967 - CMSIS Pack Vendor :STMicroelectronics USB_DEVICE 1.0.0
2022-09-28 08:03:20,019 [INFO] ThirdParty:967 - CMSIS Pack Vendor :STMicroelectronics X-CUBE-SUBG2 5.0.0
2022-09-28 08:03:20,019 [INFO] ThirdParty:967 - CMSIS Pack Vendor :SEGGER I-CUBE-embOS 1.2.0
2022-09-28 08:03:20,019 [INFO] ThirdParty:967 - CMSIS Pack Vendor :STMicroelectronics X-CUBE-EEPRMA1 3.1.1
2022-09-28 08:03:20,019 [INFO] ThirdParty:967 - CMSIS Pack Vendor :STMicroelectronics ThreadX 0.0.2
2022-09-28 08:03:20,019 [INFO] ThirdParty:967 - CMSIS Pack Vendor :STMicroelectronics lwIP 2.0.3
2022-09-28 08:03:20,019 [INFO] ThirdParty:967 - CMSIS Pack Vendor :STMicroelectronics lwIP 2.1.2
2022-09-28 08:03:20,019 [INFO] ThirdParty:967 - CMSIS Pack Vendor :STMicroelectronics X-CUBE-SFXS2LP1 4.0.0
2022-09-28 08:03:20,019 [INFO] ThirdParty:967 - CMSIS Pack Vendor :STMicroelectronics X-CUBE-BLE2 3.3.0
2022-09-28 08:03:20,019 [INFO] ThirdParty:967 - CMSIS Pack Vendor :STMicroelectronics X-CUBE-NFC4 2.0.4
2022-09-28 08:03:20,019 [INFO] ThirdParty:967 - CMSIS Pack Vendor :STMicroelectronics USB_HOST 1.0.0
2022-09-28 08:03:20,019 [INFO] ThirdParty:967 - CMSIS Pack Vendor :STMicroelectronics X-CUBE-DISPLAY 2.2.0
2022-09-28 08:03:20,019 [INFO] ThirdParty:967 - CMSIS Pack Vendor :STMicroelectronics PDM2PCM 3.1.0
2022-09-28 08:03:20,019 [INFO] ThirdParty:967 - CMSIS Pack Vendor :STMicroelectronics FP-ATR-ASTRA1 1.1.1
2022-09-28 08:03:20,019 [INFO] ThirdParty:967 - CMSIS Pack Vendor :STMicroelectronics PDM2PCM 3.2.0
2022-09-28 08:03:20,020 [INFO] ThirdParty:967 - CMSIS Pack Vendor :STMicroelectronics PDM2PCM 3.3.0
2022-09-28 08:03:20,020 [INFO] ThirdParty:967 - CMSIS Pack Vendor :STMicroelectronics X-CUBE-TOF1 3.1.0
2022-09-28 08:03:20,020 [INFO] ThirdParty:967 - CMSIS Pack Vendor :STMicroelectronics X-CUBE-ISPU 1.0.0
2022-09-28 08:03:20,020 [INFO] ThirdParty:787 - exiting critical section [change project]
2022-09-28 08:03:20,200 [INFO] PinOutPanel:1463 - setPackage(No Configuration,No Configuration)
2022-09-28 08:03:20,200 [INFO] PinOutPanel:1463 - setPackage(STM32F103C6Ux,UFQFPN48)
2022-09-28 08:03:20,489 [INFO] UtilMem:74 - Before build in PCC Used Memory: 831011712 Bytes (1028653056)
2022-09-28 08:03:21,003 [INFO] UtilMem:74 - After build in PCC Used Memory: 743690368 Bytes (1028653056)
2022-09-28 08:03:21,020 [INFO] IPUIPlugin:74 - create IPUIPlugin
2022-09-28 08:03:21,020 [INFO] IPUIPlugin:74 - create IPUIPlugin
2022-09-28 08:03:21,021 [INFO] IPUIPlugin:74 - create IPUIPlugin
2022-09-28 08:03:21,021 [INFO] IPUIPlugin:74 - create IPUIPlugin
2022-09-28 08:03:21,021 [INFO] IPUIPlugin:74 - create IPUIPlugin
2022-09-28 08:03:21,021 [INFO] IPUIPlugin:74 - create IPUIPlugin
2022-09-28 08:03:21,021 [INFO] IPUIPlugin:74 - create IPUIPlugin
2022-09-28 08:03:21,021 [INFO] IPUIPlugin:74 - create IPUIPlugin
2022-09-28 08:03:21,021 [INFO] IPUIPlugin:74 - create IPUIPlugin
2022-09-28 08:03:21,021 [INFO] IPUIPlugin:74 - create IPUIPlugin
2022-09-28 08:03:21,022 [INFO] IPUIPlugin:74 - create IPUIPlugin
2022-09-28 08:03:21,022 [INFO] IPUIPlugin:74 - create IPUIPlugin
2022-09-28 08:03:21,022 [INFO] IPUIPlugin:74 - create IPUIPlugin
2022-09-28 08:03:21,022 [INFO] IPUIPlugin:74 - create IPUIPlugin
2022-09-28 08:03:21,023 [INFO] IPUIPlugin:74 - create IPUIPlugin
2022-09-28 08:03:21,023 [INFO] IPUIPlugin:74 - create IPUIPlugin
2022-09-28 08:03:21,023 [INFO] IPUIPlugin:74 - create IPUIPlugin
2022-09-28 08:03:21,023 [INFO] IPUIPlugin:74 - create IPUIPlugin
2022-09-28 08:03:21,023 [INFO] IPUIPlugin:74 - create IPUIPlugin
2022-09-28 08:03:21,024 [INFO] IPUIPlugin:74 - create IPUIPlugin
2022-09-28 08:03:21,024 [INFO] IPUIPlugin:74 - create IPUIPlugin
2022-09-28 08:03:21,024 [INFO] IPUIPlugin:74 - create IPUIPlugin
2022-09-28 08:03:21,025 [INFO] IPUIPlugin:74 - create IPUIPlugin
2022-09-28 08:03:21,120 [INFO] OpenFileManager:333 - Restore cursor
2022-09-28 08:03:21,346 [INFO] UtilMem:74 - End SaveConfig() Used Memory: 773387072 Bytes (1028653056)
2022-09-28 08:03:21,379 [INFO] UtilMem:74 - End SaveConfig() Used Memory: 785480576 Bytes (1028653056)
2022-09-28 08:03:21,653 [INFO] BlockDiagram:2740 - set Specific Code input for plugin: NVIC
2022-09-28 08:03:21,653 [INFO] BlockDiagram:2740 - set Specific Code input for plugin: SYS
2022-09-28 08:03:21,653 [INFO] BlockDiagram:2740 - set Specific Code input for plugin: RCC
2022-09-28 08:03:21,654 [INFO] CodeGenerator:663 - code generatio: config db path: C:\ST\STM32CubeIDE_1.7.0\STM32CubeIDE\plugins\com.st.stm32cube.common.mx_6.3.0.202107141111\\db\
2022-09-28 08:03:21,932 [INFO] CodeEngine:239 - oldGeneratedFile, E:\lab1\lab1_stm32\ex5\MXTmpFiles\license.tmp_save
2022-09-28 08:03:22,256 [INFO] CodeEngine:257 - Generated code: E:\lab1\lab1_stm32\ex5\MXTmpFiles\license.tmp
2022-09-28 08:03:22,362 [INFO] CodeEngine:239 - oldGeneratedFile, E:\lab1\lab1_stm32\ex5\Core\Src\stm32f1xx_it.c_save
2022-09-28 08:03:22,489 [INFO] CodeEngine:257 - Generated code: E:\lab1\lab1_stm32\ex5\Core\Src\stm32f1xx_it.c
2022-09-28 08:03:22,496 [INFO] CodeEngine:239 - oldGeneratedFile, E:\lab1\lab1_stm32\ex5\Core\Inc\stm32f1xx_it.h_save
2022-09-28 08:03:22,547 [INFO] CodeEngine:257 - Generated code: E:\lab1\lab1_stm32\ex5\Core\Inc\stm32f1xx_it.h
2022-09-28 08:03:22,564 [INFO] CodeEngine:239 - oldGeneratedFile, E:\lab1\lab1_stm32\ex5\Core\Src\stm32f1xx_hal_msp.c_save
2022-09-28 08:03:22,641 [INFO] CodeEngine:257 - Generated code: E:\lab1\lab1_stm32\ex5\Core\Src\stm32f1xx_hal_msp.c
2022-09-28 08:03:22,648 [INFO] CodeEngine:239 - oldGeneratedFile, E:\lab1\lab1_stm32\ex5\MXTmpFiles\system.tmp_save
2022-09-28 08:03:22,688 [INFO] CodeEngine:257 - Generated code: E:\lab1\lab1_stm32\ex5\MXTmpFiles\system.tmp
2022-09-28 08:03:22,701 [INFO] CodeEngine:239 - oldGeneratedFile, E:\lab1\lab1_stm32\ex5\Core\Inc\stm32f1xx_hal_conf.h_save
2022-09-28 08:03:22,778 [INFO] CodeEngine:257 - Generated code: E:\lab1\lab1_stm32\ex5\Core\Inc\stm32f1xx_hal_conf.h
2022-09-28 08:03:22,816 [INFO] CodeEngine:239 - oldGeneratedFile, E:\lab1\lab1_stm32\ex5\Core\Inc\main.h_save
2022-09-28 08:03:22,875 [INFO] CodeEngine:257 - Generated code: E:\lab1\lab1_stm32\ex5\Core\Inc\main.h
2022-09-28 08:03:22,887 [INFO] CodeEngine:239 - oldGeneratedFile, E:\lab1\lab1_stm32\ex5\Core\Src\main.c_save
2022-09-28 08:03:22,991 [INFO] CodeEngine:257 - Generated code: E:\lab1\lab1_stm32\ex5\Core\Src\main.c
2022-09-28 08:03:23,975 [INFO] ProjectBuilder:2578 - Time for Copy HAL[1] : 216mS.
2022-09-28 08:03:23,979 [INFO] ProjectBuilder:3622 - Project Generator version: 3.14.1
2022-09-28 08:03:24,455 [INFO] ConfigFileManager:1271 - The Die is : DIE412
2022-09-28 08:03:24,474 [INFO] ApiDbMcu:468 - Load IP Config File for FATFS
2022-09-28 08:03:24,508 [INFO] ApiDbMcu:468 - Load IP Config File for FREERTOS
2022-09-28 08:03:24,538 [INFO] ApiDbMcu:468 - Load IP Config File for USB_DEVICE
2022-09-28 08:03:27,285 [INFO] ProjectBuilder:3789 - Time for Generating toolchain IDE Files: 3306mS.
2022-09-28 08:03:27,286 [INFO] ProjectBuilder:2457 - Time for Copy CMSIS : 1mS.
2022-09-28 08:03:27,287 [INFO] ProjectBuilder:2457 - Time for Copy CMSIS : 0mS.
2022-09-28 08:03:28,668 [INFO] McuFinderGlobals:52 - Set McuFinderConnectedMode to true
2022-09-28 08:03:28,671 [INFO] ApiDb:276 - Save user favorites file C:\Users\Admin/.stm32cubeide/favorites.mcus.txt: 0 item(s)
2022-09-28 08:03:28,672 [INFO] ApiDb:280 - User favorites MCUs=[]
2022-09-28 08:05:38,251 [INFO] UtilMem:74 - End SaveConfig() Used Memory: 716727440 Bytes (1073741824)
2022-09-28 08:05:40,689 [INFO] UtilMem:74 - End SaveConfig() Used Memory: 761293968 Bytes (1073741824)
2022-09-28 08:05:42,719 [INFO] UtilMem:74 - End SaveConfig() Used Memory: 892365968 Bytes (1073741824)
2022-09-28 08:05:43,019 [INFO] BlockDiagram:2740 - set Specific Code input for plugin: NVIC
2022-09-28 08:05:43,019 [INFO] BlockDiagram:2740 - set Specific Code input for plugin: SYS
2022-09-28 08:05:43,019 [INFO] BlockDiagram:2740 - set Specific Code input for plugin: GPIO
2022-09-28 08:05:43,019 [INFO] BlockDiagram:2740 - set Specific Code input for plugin: RCC
2022-09-28 08:05:43,020 [INFO] CodeGenerator:663 - code generatio: config db path: C:\ST\STM32CubeIDE_1.7.0\STM32CubeIDE\plugins\com.st.stm32cube.common.mx_6.3.0.202107141111\\db\
2022-09-28 08:05:43,251 [INFO] CodeEngine:239 - oldGeneratedFile, E:\lab1\lab1_stm32\ex5\MXTmpFiles\license.tmp_save
2022-09-28 08:05:43,303 [INFO] CodeEngine:257 - Generated code: E:\lab1\lab1_stm32\ex5\MXTmpFiles\license.tmp
2022-09-28 08:05:43,386 [INFO] CodeEngine:239 - oldGeneratedFile, E:\lab1\lab1_stm32\ex5\MXTmpFiles\gpio.tmp_save
2022-09-28 08:05:43,444 [INFO] CodeEngine:257 - Generated code: E:\lab1\lab1_stm32\ex5\MXTmpFiles\gpio.tmp
2022-09-28 08:05:43,485 [INFO] CodeEngine:239 - oldGeneratedFile, E:\lab1\lab1_stm32\ex5\Core\Src\stm32f1xx_it.c_save
2022-09-28 08:05:43,542 [INFO] CodeEngine:257 - Generated code: E:\lab1\lab1_stm32\ex5\Core\Src\stm32f1xx_it.c
2022-09-28 08:05:43,545 [INFO] CodeEngine:239 - oldGeneratedFile, E:\lab1\lab1_stm32\ex5\Core\Inc\stm32f1xx_it.h_save
2022-09-28 08:05:43,588 [INFO] CodeEngine:257 - Generated code: E:\lab1\lab1_stm32\ex5\Core\Inc\stm32f1xx_it.h
2022-09-28 08:05:43,597 [INFO] CodeEngine:239 - oldGeneratedFile, E:\lab1\lab1_stm32\ex5\Core\Src\stm32f1xx_hal_msp.c_save
2022-09-28 08:05:43,657 [INFO] CodeEngine:257 - Generated code: E:\lab1\lab1_stm32\ex5\Core\Src\stm32f1xx_hal_msp.c
2022-09-28 08:05:43,659 [INFO] CodeEngine:239 - oldGeneratedFile, E:\lab1\lab1_stm32\ex5\MXTmpFiles\system.tmp_save
2022-09-28 08:05:43,739 [INFO] CodeEngine:257 - Generated code: E:\lab1\lab1_stm32\ex5\MXTmpFiles\system.tmp
2022-09-28 08:05:43,747 [INFO] CodeEngine:239 - oldGeneratedFile, E:\lab1\lab1_stm32\ex5\Core\Inc\stm32f1xx_hal_conf.h_save
2022-09-28 08:05:43,810 [INFO] CodeEngine:257 - Generated code: E:\lab1\lab1_stm32\ex5\Core\Inc\stm32f1xx_hal_conf.h
2022-09-28 08:05:43,827 [INFO] CodeEngine:239 - oldGeneratedFile, E:\lab1\lab1_stm32\ex5\Core\Inc\main.h_save
2022-09-28 08:05:43,876 [INFO] CodeEngine:257 - Generated code: E:\lab1\lab1_stm32\ex5\Core\Inc\main.h
2022-09-28 08:05:43,883 [INFO] CodeEngine:239 - oldGeneratedFile, E:\lab1\lab1_stm32\ex5\Core\Src\main.c_save
2022-09-28 08:05:43,970 [INFO] CodeEngine:257 - Generated code: E:\lab1\lab1_stm32\ex5\Core\Src\main.c
2022-09-28 08:05:44,846 [INFO] ProjectBuilder:2578 - Time for Copy HAL[1] : 119mS.
2022-09-28 08:05:44,848 [INFO] ProjectBuilder:3622 - Project Generator version: 3.14.1
2022-09-28 08:05:45,235 [INFO] ConfigFileManager:1271 - The Die is : DIE412
2022-09-28 08:05:46,677 [INFO] ProjectBuilder:3789 - Time for Generating toolchain IDE Files: 1829mS.
2022-09-28 08:05:46,677 [INFO] ProjectBuilder:2457 - Time for Copy CMSIS : 0mS.
2022-09-28 08:05:46,678 [INFO] ProjectBuilder:2457 - Time for Copy CMSIS : 0mS.
2022-09-28 08:05:54,793 [INFO] MainUpdater:2671 - connection check result : 10
2022-09-28 08:05:54,793 [INFO] MainUpdater:2671 - connection check result : 10
2022-09-28 08:05:54,870 [INFO] MicroXplorer:448 - Change Database Path : 
2022-09-28 08:05:54,870 [INFO] MicroXplorer:478 - Change Database Version : DB.6.0.30
2022-09-28 08:05:54,870 [WARN] ThirdParty:813 - waiting for thirdparty lock release [close project]
2022-09-28 08:05:54,870 [INFO] ThirdParty:815 - entering critical section [close project]
2022-09-28 08:05:54,870 [INFO] ThirdParty:825 - exiting critical section [close project]
2022-09-28 08:05:54,871 [INFO] PinOutPanel:1463 - setPackage(No Configuration,No Configuration)
2022-09-28 08:05:54,920 [INFO] UtilMem:74 - Begin LoadConfig() Used Memory: 805257000 Bytes (1073741824)
2022-09-28 08:05:54,921 [INFO] MicroXplorer:448 - Change Database Path : 
2022-09-28 08:05:54,921 [INFO] MicroXplorer:478 - Change Database Version : DB.6.0.30
2022-09-28 08:05:54,921 [INFO] OpenFileManager:313 - Change cursor
2022-09-28 08:05:54,928 [INFO] RulesReader:57 - Compatibility file has been processed (242 Rules)
2022-09-28 08:05:55,346 [INFO] Context:592 - Trying to add GPIOservice into a context  which must be forbidden
2022-09-28 08:05:55,462 [WARN] ApiManager:304 - Cannot register API 'Board Extension:GNSS1A1' from pack STMicroelectronics.X-CUBE-GNSS1.6.0.0: no header file found
2022-09-28 08:05:55,463 [WARN] ApiManager:304 - Cannot register API 'Board Support:Custom' from pack STMicroelectronics.X-CUBE-GNSS1.6.0.0: no header file found
2022-09-28 08:05:55,463 [WARN] ApiManager:304 - Cannot register API 'Data Exchange:lib_gnss' from pack STMicroelectronics.X-CUBE-GNSS1.6.0.0: no header file found
2022-09-28 08:05:55,468 [WARN] ModelIntegratedComponent:60 - No mode defined for component null
2022-09-28 08:05:55,468 [WARN] ModelIntegratedComponent:60 - No mode defined for component null
2022-09-28 08:05:55,468 [WARN] ModelIntegratedComponent:60 - No mode defined for component null
2022-09-28 08:05:55,468 [WARN] ModelIntegratedComponent:60 - No mode defined for component null
2022-09-28 08:05:55,468 [WARN] ModelIntegratedComponent:60 - No mode defined for component null
2022-09-28 08:05:55,468 [WARN] ModelIntegratedComponent:60 - No mode defined for component null
2022-09-28 08:05:55,468 [WARN] ModelIntegratedComponent:60 - No mode defined for component null
2022-09-28 08:05:55,468 [WARN] ModelIntegratedComponent:60 - No mode defined for component null
2022-09-28 08:05:55,469 [WARN] ModelIntegratedComponent:60 - No mode defined for component null
2022-09-28 08:05:55,469 [WARN] ModelIntegratedComponent:60 - No mode defined for component null
2022-09-28 08:05:55,469 [WARN] ModelIntegratedComponent:60 - No mode defined for component null
2022-09-28 08:05:55,469 [WARN] ModelIntegratedComponent:60 - No mode defined for component null
2022-09-28 08:05:55,469 [WARN] ModelIntegratedComponent:60 - No mode defined for component null
2022-09-28 08:05:55,469 [WARN] ModelIntegratedComponent:60 - No mode defined for component null
2022-09-28 08:05:55,469 [WARN] ModelIntegratedComponent:60 - No mode defined for component null
2022-09-28 08:05:55,469 [WARN] ModelIntegratedComponent:60 - No mode defined for component null
2022-09-28 08:05:55,469 [WARN] ModelIntegratedComponent:60 - No mode defined for component null
2022-09-28 08:05:55,469 [WARN] ModelIntegratedComponent:60 - No mode defined for component null
2022-09-28 08:05:55,469 [WARN] ModelIntegratedComponent:60 - No mode defined for component null
2022-09-28 08:05:55,469 [WARN] ModelIntegratedComponent:60 - No mode defined for component null
2022-09-28 08:05:55,469 [WARN] ModelIntegratedComponent:60 - No mode defined for component null
2022-09-28 08:05:55,470 [WARN] ModelIntegratedComponent:60 - No mode defined for component null
2022-09-28 08:05:55,470 [WARN] ModelIntegratedComponent:60 - No mode defined for component null
2022-09-28 08:05:55,470 [WARN] ModelIntegratedComponent:60 - No mode defined for component null
2022-09-28 08:05:55,470 [WARN] ModelIntegratedComponent:60 - No mode defined for component null
2022-09-28 08:05:55,470 [WARN] ModelIntegratedComponent:60 - No mode defined for component null
2022-09-28 08:05:55,470 [WARN] ModelIntegratedComponent:60 - No mode defined for component null
2022-09-28 08:05:55,470 [WARN] ModelIntegratedComponent:60 - No mode defined for component null
2022-09-28 08:05:55,470 [WARN] ModelIntegratedComponent:60 - No mode defined for component null
2022-09-28 08:05:55,470 [WARN] ModelIntegratedComponent:60 - No mode defined for component null
2022-09-28 08:05:55,470 [WARN] ModelIntegratedComponent:60 - No mode defined for component null
2022-09-28 08:05:55,472 [WARN] ApiManager:304 - Cannot register API 'Board Extension:NFC07A1' from pack STMicroelectronics.X-CUBE-NFC7.1.0.0: no header file found
2022-09-28 08:05:55,683 [WARN] ApiManager:304 - Cannot register API 'Board Extension:IKS01A3' from pack STMicroelectronics.X-CUBE-MEMS1.9.3.0: no header file found
2022-09-28 08:05:55,683 [WARN] ApiManager:304 - Cannot register API 'Board Extension:IKS01A2' from pack STMicroelectronics.X-CUBE-MEMS1.9.3.0: no header file found
2022-09-28 08:05:55,683 [WARN] ApiManager:304 - Cannot register API 'Board Extension:IKS02A1' from pack STMicroelectronics.X-CUBE-MEMS1.9.3.0: no header file found
2022-09-28 08:05:55,688 [WARN] ApiManager:304 - Cannot register API 'Wireless:BlueNRG-MS' from pack STMicroelectronics.X-CUBE-BLE1.6.2.3: no header file found
2022-09-28 08:05:55,690 [INFO] RtosManager:484 - Registered RTOS mode: class=CMSIS, group=RTOS, mode=CMSIS_V1, owner=FREERTOS
2022-09-28 08:05:55,690 [INFO] RtosManager:484 - Registered RTOS mode: class=CMSIS, group=RTOS2, mode=CMSIS_V2, owner=FREERTOS
2022-09-28 08:05:55,690 [INFO] RtosManager:484 - Registered RTOS mode: class=RTOS, group=Core, mode=CMSIS_V1, owner=FREERTOS
2022-09-28 08:05:55,690 [INFO] RtosManager:484 - Registered RTOS mode: class=RTOS, group=Core, mode=CMSIS_V2, owner=FREERTOS
2022-09-28 08:05:55,690 [WARN] ModelIntegratedComponent:181 - Missing modes for component STMicroelectronics:FreeRTOS:0.0.1:STMicroelectronics:RTOS:FreeRTOS:Core:::10.2.0:
2022-09-28 08:05:55,693 [WARN] ApiManager:304 - Cannot register API 'Board Extension:S2868A1' from pack STMicroelectronics.X-CUBE-SUBG2.5.0.0: no header file found
2022-09-28 08:05:55,693 [WARN] ApiManager:304 - Cannot register API 'Board Extension:S2868A2' from pack STMicroelectronics.X-CUBE-SUBG2.5.0.0: no header file found
2022-09-28 08:05:55,693 [WARN] ApiManager:304 - Cannot register API 'Board Extension:S2915A1' from pack STMicroelectronics.X-CUBE-SUBG2.5.0.0: no header file found
2022-09-28 08:05:55,696 [WARN] ApiManager:304 - Cannot register API 'Board Extension:EEPRMA1' from pack STMicroelectronics.X-CUBE-EEPRMA1.3.1.1: no header file found
2022-09-28 08:05:55,696 [WARN] ApiManager:304 - Cannot register API 'Board Extension:EEPRMA2' from pack STMicroelectronics.X-CUBE-EEPRMA1.3.1.1: no header file found
2022-09-28 08:05:55,696 [WARN] ApiManager:304 - Cannot register API 'Board Extension:S2868A1' from pack STMicroelectronics.X-CUBE-SFXS2LP1.4.0.0: no header file found
2022-09-28 08:05:55,696 [WARN] ApiManager:304 - Cannot register API 'Board Extension:S2868A2' from pack STMicroelectronics.X-CUBE-SFXS2LP1.4.0.0: no header file found
2022-09-28 08:05:55,697 [WARN] ApiManager:304 - Cannot register API 'Board Extension:S2915A1' from pack STMicroelectronics.X-CUBE-SFXS2LP1.4.0.0: no header file found
2022-09-28 08:05:55,697 [WARN] ApiManager:304 - Cannot register API 'Wireless:BlueNRG-2' from pack STMicroelectronics.X-CUBE-BLE2.3.3.0: no header file found
2022-09-28 08:05:55,697 [WARN] ApiManager:304 - Cannot register API 'Board Extension:NFC04A1' from pack STMicroelectronics.X-CUBE-NFC4.2.0.4: no header file found
2022-09-28 08:05:56,978 [INFO] UtilMem:74 - End LoadConfig() Used Memory: 765293752 Bytes (1073741824)
2022-09-28 08:05:56,978 [WARN] ThirdParty:779 - waiting for thirdparty lock release [change project]
2022-09-28 08:05:56,979 [INFO] ThirdParty:781 - entering critical section [change project]
2022-09-28 08:05:56,979 [INFO] ThirdParty:967 - CMSIS Pack Vendor :RoweBots I-CUBE-UNISONRTOS 5.5.0-4
2022-09-28 08:05:56,979 [INFO] ThirdParty:967 - CMSIS Pack Vendor :STMicroelectronics X-CUBE-GNSS1 6.0.0
2022-09-28 08:05:56,979 [INFO] ThirdParty:967 - CMSIS Pack Vendor :STMicroelectronics X-CUBE-AZRTOS-H7 2.1.0
2022-09-28 08:05:56,979 [INFO] ThirdParty:967 - CMSIS Pack Vendor :STMicroelectronics USB_HOST 2.0.0
2022-09-28 08:05:56,979 [INFO] ThirdParty:967 - CMSIS Pack Vendor :STMicroelectronics X-CUBE-AZRTOS-F4 1.1.0
2022-09-28 08:05:56,979 [INFO] ThirdParty:967 - CMSIS Pack Vendor :STMicroelectronics X-CUBE-AZRTOS-G4 1.0.0
2022-09-28 08:05:56,979 [INFO] ThirdParty:967 - CMSIS Pack Vendor :STMicroelectronics X-CUBE-AZRTOS-L4 1.0.0
2022-09-28 08:05:56,979 [INFO] ThirdParty:967 - CMSIS Pack Vendor :STMicroelectronics USB_DEVICE 3.0.0
2022-09-28 08:05:56,979 [INFO] ThirdParty:967 - CMSIS Pack Vendor :wolfSSL I-CUBE-wolfSSL 5.5.0
2022-09-28 08:05:56,979 [INFO] ThirdParty:967 - CMSIS Pack Vendor :STMicroelectronics HAL Drivers 0.0.0
2022-09-28 08:05:56,979 [INFO] ThirdParty:967 - CMSIS Pack Vendor :STMicroelectronics MBEDTLS 2.16.2
2022-09-28 08:05:56,979 [INFO] ThirdParty:967 - CMSIS Pack Vendor :emotas I-CUBE-CANOPEN 1.1.2
2022-09-28 08:05:56,979 [INFO] ThirdParty:967 - CMSIS Pack Vendor :STMicroelectronics X-CUBE-TOUCHGFX 4.20.0
2022-09-28 08:05:56,979 [INFO] ThirdParty:967 - CMSIS Pack Vendor :STMicroelectronics MBEDTLS 2.14.1
2022-09-28 08:05:56,979 [INFO] ThirdParty:967 - CMSIS Pack Vendor :STMicroelectronics X-CUBE-NFC7 1.0.0
2022-09-28 08:05:56,979 [INFO] ThirdParty:967 - CMSIS Pack Vendor :STMicroelectronics X-CUBE-BLEMGR 1.0.0
2022-09-28 08:05:56,979 [INFO] ThirdParty:967 - CMSIS Pack Vendor :STMicroelectronics X-CUBE-AZRTOS-WL 1.0.0
2022-09-28 08:05:56,980 [INFO] ThirdParty:967 - CMSIS Pack Vendor :STMicroelectronics X-CUBE-AZRTOS-F7 1.1.0
2022-09-28 08:05:56,980 [INFO] ThirdParty:967 - CMSIS Pack Vendor :STMicroelectronics X-CUBE-MEMS1 9.3.0
2022-09-28 08:05:56,980 [INFO] ThirdParty:967 - CMSIS Pack Vendor :portGmbH I-Cube-SoM-uGOAL 1.1.0
2022-09-28 08:05:56,980 [INFO] ThirdParty:967 - CMSIS Pack Vendor :STMicroelectronics X-CUBE-ALS 1.0.1
2022-09-28 08:05:56,980 [INFO] ThirdParty:967 - CMSIS Pack Vendor :STMicroelectronics USB_DEVICE 2.0.0
2022-09-28 08:05:56,980 [INFO] ThirdParty:967 - CMSIS Pack Vendor :STMicroelectronics X-CUBE-AI 7.2.0
2022-09-28 08:05:56,980 [INFO] ThirdParty:967 - CMSIS Pack Vendor :STMicroelectronics X-CUBE-BLE1 6.2.3
2022-09-28 08:05:56,980 [INFO] ThirdParty:967 - CMSIS Pack Vendor :STMicroelectronics X-CUBE-ALGOBUILD 1.3.0
2022-09-28 08:05:56,980 [INFO] ThirdParty:967 - CMSIS Pack Vendor :STMicroelectronics X-CUBE-AZRTOS-L5 1.0.0
2022-09-28 08:05:56,980 [INFO] ThirdParty:967 - CMSIS Pack Vendor :STMicroelectronics FreeRTOS 0.0.1
2022-09-28 08:05:56,980 [INFO] ThirdParty:967 - CMSIS Pack Vendor :STMicroelectronics X-CUBE-AZRTOS-G0 1.1.0
2022-09-28 08:05:56,980 [INFO] ThirdParty:967 - CMSIS Pack Vendor :STMicroelectronics USB_DEVICE 1.0.0
2022-09-28 08:05:56,980 [INFO] ThirdParty:967 - CMSIS Pack Vendor :STMicroelectronics X-CUBE-SUBG2 5.0.0
2022-09-28 08:05:56,980 [INFO] ThirdParty:967 - CMSIS Pack Vendor :SEGGER I-CUBE-embOS 1.2.0
2022-09-28 08:05:56,980 [INFO] ThirdParty:967 - CMSIS Pack Vendor :STMicroelectronics X-CUBE-EEPRMA1 3.1.1
2022-09-28 08:05:56,980 [INFO] ThirdParty:967 - CMSIS Pack Vendor :STMicroelectronics ThreadX 0.0.2
2022-09-28 08:05:56,980 [INFO] ThirdParty:967 - CMSIS Pack Vendor :STMicroelectronics lwIP 2.0.3
2022-09-28 08:05:56,980 [INFO] ThirdParty:967 - CMSIS Pack Vendor :STMicroelectronics lwIP 2.1.2
2022-09-28 08:05:56,980 [INFO] ThirdParty:967 - CMSIS Pack Vendor :STMicroelectronics X-CUBE-SFXS2LP1 4.0.0
2022-09-28 08:05:56,981 [INFO] ThirdParty:967 - CMSIS Pack Vendor :STMicroelectronics X-CUBE-BLE2 3.3.0
2022-09-28 08:05:56,981 [INFO] ThirdParty:967 - CMSIS Pack Vendor :STMicroelectronics X-CUBE-NFC4 2.0.4
2022-09-28 08:05:56,981 [INFO] ThirdParty:967 - CMSIS Pack Vendor :STMicroelectronics USB_HOST 1.0.0
2022-09-28 08:05:56,981 [INFO] ThirdParty:967 - CMSIS Pack Vendor :STMicroelectronics X-CUBE-DISPLAY 2.2.0
2022-09-28 08:05:56,981 [INFO] ThirdParty:967 - CMSIS Pack Vendor :STMicroelectronics PDM2PCM 3.1.0
2022-09-28 08:05:56,981 [INFO] ThirdParty:967 - CMSIS Pack Vendor :STMicroelectronics FP-ATR-ASTRA1 1.1.1
2022-09-28 08:05:56,981 [INFO] ThirdParty:967 - CMSIS Pack Vendor :STMicroelectronics PDM2PCM 3.2.0
2022-09-28 08:05:56,981 [INFO] ThirdParty:967 - CMSIS Pack Vendor :STMicroelectronics PDM2PCM 3.3.0
2022-09-28 08:05:56,981 [INFO] ThirdParty:967 - CMSIS Pack Vendor :STMicroelectronics X-CUBE-TOF1 3.1.0
2022-09-28 08:05:56,981 [INFO] ThirdParty:967 - CMSIS Pack Vendor :STMicroelectronics X-CUBE-ISPU 1.0.0
2022-09-28 08:05:56,981 [INFO] ThirdParty:787 - exiting critical section [change project]
2022-09-28 08:05:57,058 [INFO] PinOutPanel:1463 - setPackage(No Configuration,No Configuration)
2022-09-28 08:05:57,058 [INFO] PinOutPanel:1463 - setPackage(STM32F103C6Ux,UFQFPN48)
2022-09-28 08:05:57,280 [INFO] UtilMem:74 - Before build in PCC Used Memory: 712900448 Bytes (1073741824)
2022-09-28 08:05:57,473 [INFO] UtilMem:74 - After build in PCC Used Memory: 781584224 Bytes (1073741824)
2022-09-28 08:05:57,486 [INFO] IPUIPlugin:74 - create IPUIPlugin
2022-09-28 08:05:57,486 [INFO] IPUIPlugin:74 - create IPUIPlugin
2022-09-28 08:05:57,486 [INFO] IPUIPlugin:74 - create IPUIPlugin
2022-09-28 08:05:57,487 [INFO] IPUIPlugin:74 - create IPUIPlugin
2022-09-28 08:05:57,487 [INFO] IPUIPlugin:74 - create IPUIPlugin
2022-09-28 08:05:57,487 [INFO] IPUIPlugin:74 - create IPUIPlugin
2022-09-28 08:05:57,487 [INFO] IPUIPlugin:74 - create IPUIPlugin
2022-09-28 08:05:57,487 [INFO] IPUIPlugin:74 - create IPUIPlugin
2022-09-28 08:05:57,487 [INFO] IPUIPlugin:74 - create IPUIPlugin
2022-09-28 08:05:57,487 [INFO] IPUIPlugin:74 - create IPUIPlugin
2022-09-28 08:05:57,488 [INFO] IPUIPlugin:74 - create IPUIPlugin
2022-09-28 08:05:57,488 [INFO] IPUIPlugin:74 - create IPUIPlugin
2022-09-28 08:05:57,488 [INFO] IPUIPlugin:74 - create IPUIPlugin
2022-09-28 08:05:57,488 [INFO] IPUIPlugin:74 - create IPUIPlugin
2022-09-28 08:05:57,489 [INFO] IPUIPlugin:74 - create IPUIPlugin
2022-09-28 08:05:57,489 [INFO] IPUIPlugin:74 - create IPUIPlugin
2022-09-28 08:05:57,489 [INFO] IPUIPlugin:74 - create IPUIPlugin
2022-09-28 08:05:57,489 [INFO] IPUIPlugin:74 - create IPUIPlugin
2022-09-28 08:05:57,490 [INFO] IPUIPlugin:74 - create IPUIPlugin
2022-09-28 08:05:57,490 [INFO] IPUIPlugin:74 - create IPUIPlugin
2022-09-28 08:05:57,490 [INFO] IPUIPlugin:74 - create IPUIPlugin
2022-09-28 08:05:57,491 [INFO] IPUIPlugin:74 - create IPUIPlugin
2022-09-28 08:05:57,491 [INFO] IPUIPlugin:74 - create IPUIPlugin
2022-09-28 08:05:57,499 [INFO] OpenFileManager:333 - Restore cursor
2022-09-28 08:07:23,185 [INFO] UtilMem:74 - End SaveConfig() Used Memory: 937462632 Bytes (1073741824)
2022-09-28 08:07:24,505 [INFO] UtilMem:74 - End SaveConfig() Used Memory: 954908976 Bytes (1073741824)
2022-09-28 08:07:26,585 [INFO] UtilMem:74 - End SaveConfig() Used Memory: 736752600 Bytes (1073741824)
2022-09-28 08:07:26,823 [INFO] BlockDiagram:2740 - set Specific Code input for plugin: NVIC
2022-09-28 08:07:26,823 [INFO] BlockDiagram:2740 - set Specific Code input for plugin: SYS
2022-09-28 08:07:26,823 [INFO] BlockDiagram:2740 - set Specific Code input for plugin: GPIO
2022-09-28 08:07:26,823 [INFO] BlockDiagram:2740 - set Specific Code input for plugin: RCC
2022-09-28 08:07:26,824 [INFO] CodeGenerator:663 - code generatio: config db path: C:\ST\STM32CubeIDE_1.7.0\STM32CubeIDE\plugins\com.st.stm32cube.common.mx_6.3.0.202107141111\\db\
2022-09-28 08:07:27,101 [INFO] CodeEngine:239 - oldGeneratedFile, E:\lab1\lab1_stm32\ex5\MXTmpFiles\license.tmp_save
2022-09-28 08:07:27,177 [INFO] CodeEngine:257 - Generated code: E:\lab1\lab1_stm32\ex5\MXTmpFiles\license.tmp
2022-09-28 08:07:27,230 [INFO] CodeEngine:239 - oldGeneratedFile, E:\lab1\lab1_stm32\ex5\MXTmpFiles\gpio.tmp_save
2022-09-28 08:07:27,342 [INFO] CodeEngine:257 - Generated code: E:\lab1\lab1_stm32\ex5\MXTmpFiles\gpio.tmp
2022-09-28 08:07:27,386 [INFO] CodeEngine:239 - oldGeneratedFile, E:\lab1\lab1_stm32\ex5\Core\Src\stm32f1xx_it.c_save
2022-09-28 08:07:27,462 [INFO] CodeEngine:257 - Generated code: E:\lab1\lab1_stm32\ex5\Core\Src\stm32f1xx_it.c
2022-09-28 08:07:27,465 [INFO] CodeEngine:239 - oldGeneratedFile, E:\lab1\lab1_stm32\ex5\Core\Inc\stm32f1xx_it.h_save
2022-09-28 08:07:27,508 [INFO] CodeEngine:257 - Generated code: E:\lab1\lab1_stm32\ex5\Core\Inc\stm32f1xx_it.h
2022-09-28 08:07:27,519 [INFO] CodeEngine:239 - oldGeneratedFile, E:\lab1\lab1_stm32\ex5\Core\Src\stm32f1xx_hal_msp.c_save
2022-09-28 08:07:27,578 [INFO] CodeEngine:257 - Generated code: E:\lab1\lab1_stm32\ex5\Core\Src\stm32f1xx_hal_msp.c
2022-09-28 08:07:27,580 [INFO] CodeEngine:239 - oldGeneratedFile, E:\lab1\lab1_stm32\ex5\MXTmpFiles\system.tmp_save
2022-09-28 08:07:27,617 [INFO] CodeEngine:257 - Generated code: E:\lab1\lab1_stm32\ex5\MXTmpFiles\system.tmp
2022-09-28 08:07:27,625 [INFO] CodeEngine:239 - oldGeneratedFile, E:\lab1\lab1_stm32\ex5\Core\Inc\stm32f1xx_hal_conf.h_save
2022-09-28 08:07:27,722 [INFO] CodeEngine:257 - Generated code: E:\lab1\lab1_stm32\ex5\Core\Inc\stm32f1xx_hal_conf.h
2022-09-28 08:07:27,750 [INFO] CodeEngine:239 - oldGeneratedFile, E:\lab1\lab1_stm32\ex5\Core\Inc\main.h_save
2022-09-28 08:07:27,800 [INFO] CodeEngine:257 - Generated code: E:\lab1\lab1_stm32\ex5\Core\Inc\main.h
2022-09-28 08:07:27,806 [INFO] CodeEngine:239 - oldGeneratedFile, E:\lab1\lab1_stm32\ex5\Core\Src\main.c_save
2022-09-28 08:07:27,907 [INFO] CodeEngine:257 - Generated code: E:\lab1\lab1_stm32\ex5\Core\Src\main.c
2022-09-28 08:07:28,723 [INFO] ProjectBuilder:2578 - Time for Copy HAL[1] : 105mS.
2022-09-28 08:07:28,725 [INFO] ProjectBuilder:3622 - Project Generator version: 3.14.1
2022-09-28 08:07:29,120 [INFO] ConfigFileManager:1271 - The Die is : DIE412
2022-09-28 08:07:29,126 [INFO] ApiDbMcu:468 - Load IP Config File for FATFS
2022-09-28 08:07:29,151 [INFO] ApiDbMcu:468 - Load IP Config File for FREERTOS
2022-09-28 08:07:29,172 [INFO] ApiDbMcu:468 - Load IP Config File for USB_DEVICE
2022-09-28 08:07:30,591 [INFO] ProjectBuilder:3789 - Time for Generating toolchain IDE Files: 1866mS.
2022-09-28 08:07:30,591 [INFO] ProjectBuilder:2457 - Time for Copy CMSIS : 0mS.
2022-09-28 08:07:30,593 [INFO] ProjectBuilder:2457 - Time for Copy CMSIS : 0mS.
2022-09-28 08:11:43,475 [INFO] RetryExec:97 - I/O exception (org.apache.http.NoHttpResponseException) caught when processing request to {s}->https://marketplace.eclipse.org:443: The target server failed to respond
2022-09-28 08:11:43,475 [INFO] RetryExec:97 - I/O exception (org.apache.http.NoHttpResponseException) caught when processing request to {s}->https://marketplace.eclipse.org:443: The target server failed to respond
2022-09-28 08:11:43,479 [INFO] RetryExec:97 - I/O exception (org.apache.http.NoHttpResponseException) caught when processing request to {s}->https://marketplace.eclipse.org:443: The target server failed to respond
2022-09-28 08:11:43,481 [INFO] RetryExec:113 - Retrying request to {s}->https://marketplace.eclipse.org:443
2022-09-28 08:11:43,481 [INFO] RetryExec:113 - Retrying request to {s}->https://marketplace.eclipse.org:443
2022-09-28 08:11:43,481 [INFO] RetryExec:113 - Retrying request to {s}->https://marketplace.eclipse.org:443
2022-09-28 08:11:43,713 [INFO] RetryExec:97 - I/O exception (org.apache.http.NoHttpResponseException) caught when processing request to {s}->https://marketplace.eclipse.org:443: The target server failed to respond
2022-09-28 08:11:43,713 [INFO] RetryExec:113 - Retrying request to {s}->https://marketplace.eclipse.org:443
